2026-05-25T00:00:26.225+03:00  INFO 20348 --- [Blogapp_1] [File Watcher] rtingClassPathChangeChangedEventListener : Restarting due to 1 class path change (0 additions, 1 deletion, 0 modifications)
2026-05-25T00:00:26.484+03:00  INFO 20348 --- [Blogapp_1] [Thread-5] j.LocalContainerEntityManagerFactoryBean : Closing JPA EntityManagerFactory for persistence unit 'default'
2026-05-25T00:00:26.562+03:00  INFO 20348 --- [Blogapp_1] [Thread-5] com.zaxxer.hikari.HikariDataSource       : HikariPool-1 - Shutdown initiated...
2026-05-25T00:00:26.591+03:00  INFO 20348 --- [Blogapp_1] [Thread-5] com.zaxxer.hikari.HikariDataSource       : HikariPool-1 - Shutdown completed.
2026-05-25T00:00:26.961+03:00  INFO 20348 --- [Blogapp_1] [restartedMain] c.example.blogapp_1.BlogappApplication   : Starting BlogappApplication using Java 21.0.11 with PID 20348 (C:\Users\userrr\Desktop\blogapp_1\target\classes started by userrr in C:\Users\userrr\Desktop\blogapp_1)
2026-05-25T00:00:27.020+03:00 DEBUG 20348 --- [Blogapp_1] [restartedMain] c.example.blogapp_1.BlogappApplication   : Running with Spring Boot v3.2.5, Spring v6.1.6
2026-05-25T00:00:36.377+03:00  INFO 11232 --- [Blogapp_1] [restartedMain] c.example.blogapp_1.BlogappApplication   : Starting BlogappApplication using Java 21.0.11 with PID 11232 (C:\Users\userrr\Desktop\blogapp_1\target\classes started by userrr in C:\Users\userrr\Desktop\blogapp_1)
2026-05-25T00:00:36.380+03:00 DEBUG 11232 --- [Blogapp_1] [restartedMain] c.example.blogapp_1.BlogappApplication   : Running with Spring Boot v3.2.5, Spring v6.1.6
2026-05-25T00:00:36.381+03:00  INFO 11232 --- [Blogapp_1] [restartedMain] c.example.blogapp_1.BlogappApplication   : The following 1 profile is active: "dev"
2026-05-25T00:00:36.443+03:00  INFO 11232 --- [Blogapp_1] [restartedMain] .e.DevToolsPropertyDefaultsPostProcessor : Devtools property defaults active! Set 'spring.devtools.add-properties' to 'false' to disable
2026-05-25T00:00:36.443+03:00  INFO 11232 --- [Blogapp_1] [restartedMain] .e.DevToolsPropertyDefaultsPostProcessor : For additional web related logging consider setting the 'logging.level.web' property to 'DEBUG'
2026-05-25T00:00:37.462+03:00  INFO 11232 --- [Blogapp_1] [restartedMain] .s.d.r.c.RepositoryConfigurationDelegate : Bootstrapping Spring Data JPA repositories in DEFAULT mode.
2026-05-25T00:00:37.543+03:00  INFO 11232 --- [Blogapp_1] [restartedMain] .s.d.r.c.RepositoryConfigurationDelegate : Finished Spring Data repository scanning in 71 ms. Found 3 JPA repository interfaces.
2026-05-25T00:00:38.308+03:00  INFO 11232 --- [Blogapp_1] [restartedMain] o.s.b.w.embedded.tomcat.TomcatWebServer  : Tomcat initialized with port 8080 (http)
2026-05-25T00:00:38.321+03:00  INFO 11232 --- [Blogapp_1] [restartedMain] o.apache.catalina.core.StandardService   : Starting service [Tomcat]
2026-05-25T00:00:38.322+03:00  INFO 11232 --- [Blogapp_1] [restartedMain] o.apache.catalina.core.StandardEngine    : Starting Servlet engine: [Apache Tomcat/10.1.20]
2026-05-25T00:00:38.380+03:00  INFO 11232 --- [Blogapp_1] [restartedMain] o.a.c.c.C.[Tomcat].[localhost].[/]       : Initializing Spring embedded WebApplicationContext
2026-05-25T00:00:38.380+03:00  INFO 11232 --- [Blogapp_1] [restartedMain] w.s.c.ServletWebServerApplicationContext : Root WebApplicationContext: initialization completed in 1936 ms
2026-05-25T00:00:38.577+03:00  INFO 11232 --- [Blogapp_1] [restartedMain] com.zaxxer.hikari.HikariDataSource       : HikariPool-1 - Starting...
2026-05-25T00:00:38.770+03:00  INFO 11232 --- [Blogapp_1] [restartedMain] com.zaxxer.hikari.pool.HikariPool        : HikariPool-1 - Added connection org.postgresql.jdbc.PgConnection@3688d04b
2026-05-25T00:00:38.772+03:00  INFO 11232 --- [Blogapp_1] [restartedMain] com.zaxxer.hikari.HikariDataSource       : HikariPool-1 - Start completed.
2026-05-25T00:00:38.894+03:00  INFO 11232 --- [Blogapp_1] [restartedMain] o.hibernate.jpa.internal.util.LogHelper  : HHH000204: Processing PersistenceUnitInfo [name: default]
2026-05-25T00:00:38.978+03:00  INFO 11232 --- [Blogapp_1] [restartedMain] org.hibernate.Version                    : HHH000412: Hibernate ORM core version 6.4.4.Final
2026-05-25T00:00:39.027+03:00  INFO 11232 --- [Blogapp_1] [restartedMain] o.h.c.internal.RegionFactoryInitiator    : HHH000026: Second-level cache disabled
2026-05-25T00:00:39.365+03:00  INFO 11232 --- [Blogapp_1] [restartedMain] o.s.o.j.p.SpringPersistenceUnitInfo      : No LoadTimeWeaver setup: ignoring JPA class transformer
2026-05-25T00:00:40.666+03:00  INFO 11232 --- [Blogapp_1] [restartedMain] o.h.e.t.j.p.i.JtaPlatformInitiator       : HHH000489: No JTA platform available (set 'hibernate.transaction.jta.platform' to enable JTA platform integration)
2026-05-25T00:00:40.764+03:00  INFO 11232 --- [Blogapp_1] [restartedMain] j.LocalContainerEntityManagerFactoryBean : Initialized JPA EntityManagerFactory for persistence unit 'default'
2026-05-25T00:00:40.775+03:00  INFO 11232 --- [Blogapp_1] [restartedMain] c.e.blogapp_1.config.LoggingConfig       : Application started successfully
2026-05-25T00:00:41.296+03:00  WARN 11232 --- [Blogapp_1] [restartedMain] JpaBaseConfiguration$JpaWebConfiguration : spring.jpa.open-in-view is enabled by default. Therefore, database queries may be performed during view rendering. Explicitly configure spring.jpa.open-in-view to disable this warning
2026-05-25T00:00:41.443+03:00  INFO 11232 --- [Blogapp_1] [restartedMain] o.s.b.a.w.s.WelcomePageHandlerMapping    : Adding welcome page template: index
2026-05-25T00:00:41.704+03:00  INFO 11232 --- [Blogapp_1] [restartedMain] o.s.s.web.DefaultSecurityFilterChain     : Will secure any request with [org.springframework.security.web.session.DisableEncodeUrlFilter@3c4b2c42, org.springframework.security.web.context.request.async.WebAsyncManagerIntegrationFilter@568ffecd, org.springframework.security.web.context.SecurityContextHolderFilter@16949253, org.springframework.security.web.header.HeaderWriterFilter@1ab053e4, org.springframework.web.filter.CorsFilter@7ac37c0d, org.springframework.security.web.authentication.logout.LogoutFilter@6d483c7e, org.springframework.security.web.authentication.UsernamePasswordAuthenticationFilter@156720f9, org.springframework.security.web.savedrequest.RequestCacheAwareFilter@49c01636, org.springframework.security.web.servletapi.SecurityContextHolderAwareRequestFilter@4aac8bc0, org.springframework.security.web.authentication.AnonymousAuthenticationFilter@442cccf8, org.springframework.security.web.access.ExceptionTranslationFilter@2b2b9f4, org.springframework.security.web.access.intercept.AuthorizationFilter@4635937d]
2026-05-25T00:00:42.434+03:00  INFO 11232 --- [Blogapp_1] [restartedMain] o.s.b.d.a.OptionalLiveReloadServer       : LiveReload server is running on port 35729
2026-05-25T00:00:42.503+03:00  INFO 11232 --- [Blogapp_1] [restartedMain] o.s.b.w.embedded.tomcat.TomcatWebServer  : Tomcat started on port 8080 (http) with context path ''
2026-05-25T00:00:42.512+03:00  INFO 11232 --- [Blogapp_1] [restartedMain] c.example.blogapp_1.BlogappApplication   : Started BlogappApplication in 6.719 seconds (process running for 8.19)
2026-05-25T00:00:44.913+03:00  INFO 11232 --- [Blogapp_1] [File Watcher] rtingClassPathChangeChangedEventListener : Restarting due to 1 class path change (0 additions, 1 deletion, 0 modifications)
2026-05-25T00:00:44.931+03:00  INFO 11232 --- [Blogapp_1] [Thread-5] j.LocalContainerEntityManagerFactoryBean : Closing JPA EntityManagerFactory for persistence unit 'default'
2026-05-25T00:00:44.936+03:00  INFO 11232 --- [Blogapp_1] [Thread-5] com.zaxxer.hikari.HikariDataSource       : HikariPool-1 - Shutdown initiated...
2026-05-25T00:00:44.965+03:00  INFO 11232 --- [Blogapp_1] [Thread-5] com.zaxxer.hikari.HikariDataSource       : HikariPool-1 - Shutdown completed.
2026-05-25T00:00:45.093+03:00  INFO 11232 --- [Blogapp_1] [restartedMain] c.example.blogapp_1.BlogappApplication   : Starting BlogappApplication using Java 21.0.11 with PID 11232 (C:\Users\userrr\Desktop\blogapp_1\target\classes started by userrr in C:\Users\userrr\Desktop\blogapp_1)
2026-05-25T00:00:45.093+03:00 DEBUG 11232 --- [Blogapp_1] [restartedMain] c.example.blogapp_1.BlogappApplication   : Running with Spring Boot v3.2.5, Spring v6.1.6
2026-05-25T00:00:45.093+03:00  INFO 11232 --- [Blogapp_1] [restartedMain] c.example.blogapp_1.BlogappApplication   : The following 1 profile is active: "dev"
2026-05-25T00:00:45.407+03:00  INFO 11232 --- [Blogapp_1] [restartedMain] .s.d.r.c.RepositoryConfigurationDelegate : Bootstrapping Spring Data JPA repositories in DEFAULT mode.
2026-05-25T00:00:45.428+03:00  INFO 11232 --- [Blogapp_1] [restartedMain] .s.d.r.c.RepositoryConfigurationDelegate : Finished Spring Data repository scanning in 21 ms. Found 3 JPA repository interfaces.
2026-05-25T00:00:45.603+03:00  INFO 11232 --- [Blogapp_1] [restartedMain] o.s.b.w.embedded.tomcat.TomcatWebServer  : Tomcat initialized with port 8080 (http)
2026-05-25T00:00:45.603+03:00  INFO 11232 --- [Blogapp_1] [restartedMain] o.apache.catalina.core.StandardService   : Starting service [Tomcat]
2026-05-25T00:00:45.603+03:00  INFO 11232 --- [Blogapp_1] [restartedMain] o.apache.catalina.core.StandardEngine    : Starting Servlet engine: [Apache Tomcat/10.1.20]
2026-05-25T00:00:45.641+03:00  INFO 11232 --- [Blogapp_1] [restartedMain] o.a.c.c.C.[Tomcat].[localhost].[/]       : Initializing Spring embedded WebApplicationContext
2026-05-25T00:00:45.643+03:00  INFO 11232 --- [Blogapp_1] [restartedMain] w.s.c.ServletWebServerApplicationContext : Root WebApplicationContext: initialization completed in 545 ms
2026-05-25T00:00:45.702+03:00  INFO 11232 --- [Blogapp_1] [restartedMain] com.zaxxer.hikari.HikariDataSource       : HikariPool-2 - Starting...
2026-05-25T00:00:45.799+03:00  INFO 11232 --- [Blogapp_1] [restartedMain] com.zaxxer.hikari.pool.HikariPool        : HikariPool-2 - Added connection org.postgresql.jdbc.PgConnection@930f4cd
2026-05-25T00:00:45.799+03:00  INFO 11232 --- [Blogapp_1] [restartedMain] com.zaxxer.hikari.HikariDataSource       : HikariPool-2 - Start completed.
2026-05-25T00:00:45.821+03:00  INFO 11232 --- [Blogapp_1] [restartedMain] o.hibernate.jpa.internal.util.LogHelper  : HHH000204: Processing PersistenceUnitInfo [name: default]
2026-05-25T00:00:45.826+03:00  INFO 11232 --- [Blogapp_1] [restartedMain] o.h.c.internal.RegionFactoryInitiator    : HHH000026: Second-level cache disabled
2026-05-25T00:00:45.832+03:00  INFO 11232 --- [Blogapp_1] [restartedMain] o.s.o.j.p.SpringPersistenceUnitInfo      : No LoadTimeWeaver setup: ignoring JPA class transformer
2026-05-25T00:00:46.023+03:00  INFO 11232 --- [Blogapp_1] [restartedMain] o.h.e.t.j.p.i.JtaPlatformInitiator       : HHH000489: No JTA platform available (set 'hibernate.transaction.jta.platform' to enable JTA platform integration)
2026-05-25T00:00:46.092+03:00  INFO 11232 --- [Blogapp_1] [restartedMain] j.LocalContainerEntityManagerFactoryBean : Initialized JPA EntityManagerFactory for persistence unit 'default'
2026-05-25T00:00:46.101+03:00  INFO 11232 --- [Blogapp_1] [restartedMain] c.e.blogapp_1.config.LoggingConfig       : Application started successfully
2026-05-25T00:00:46.197+03:00  WARN 11232 --- [Blogapp_1] [restartedMain] ConfigServletWebServerApplicationContext : Exception encountered during context initialization - cancelling refresh attempt: org.springframework.beans.factory.UnsatisfiedDependencyException: Error creating bean with name 'authController' defined in file [C:\Users\userrr\Desktop\blogapp_1\target\classes\com\example\blogapp_1\controller\AuthController.class]: Unsatisfied dependency expressed through constructor parameter 0: Error creating bean with name 'userService' defined in file [C:\Users\userrr\Desktop\blogapp_1\target\classes\com\example\blogapp_1\service\UserService.class]: Unsatisfied dependency expressed through constructor parameter 1: No qualifying bean of type 'org.springframework.security.crypto.password.PasswordEncoder' available: expected at least 1 bean which qualifies as autowire candidate. Dependency annotations: {}
2026-05-25T00:00:46.197+03:00  INFO 11232 --- [Blogapp_1] [restartedMain] j.LocalContainerEntityManagerFactoryBean : Closing JPA EntityManagerFactory for persistence unit 'default'
2026-05-25T00:00:46.197+03:00  INFO 11232 --- [Blogapp_1] [restartedMain] com.zaxxer.hikari.HikariDataSource       : HikariPool-2 - Shutdown initiated...
2026-05-25T00:00:46.255+03:00  INFO 11232 --- [Blogapp_1] [restartedMain] com.zaxxer.hikari.HikariDataSource       : HikariPool-2 - Shutdown completed.
2026-05-25T00:00:46.256+03:00  INFO 11232 --- [Blogapp_1] [restartedMain] o.apache.catalina.core.StandardService   : Stopping service [Tomcat]
2026-05-25T00:00:46.266+03:00  INFO 11232 --- [Blogapp_1] [restartedMain] .s.b.a.l.ConditionEvaluationReportLogger : 

Error starting ApplicationContext. To display the condition evaluation report re-run your application with 'debug' enabled.
2026-05-25T00:00:46.304+03:00 ERROR 11232 --- [Blogapp_1] [restartedMain] o.s.b.d.LoggingFailureAnalysisReporter   : 

***************************
APPLICATION FAILED TO START
***************************

Description:

Parameter 1 of constructor in com.example.blogapp_1.service.UserService required a bean of type 'org.springframework.security.crypto.password.PasswordEncoder' that could not be found.


Action:

Consider defining a bean of type 'org.springframework.security.crypto.password.PasswordEncoder' in your configuration.

2026-05-25T00:00:49.539+03:00  INFO 11232 --- [Blogapp_1] [restartedMain] c.example.blogapp_1.BlogappApplication   : Starting BlogappApplication using Java 21.0.11 with PID 11232 (C:\Users\userrr\Desktop\blogapp_1\target\classes started by userrr in C:\Users\userrr\Desktop\blogapp_1)
2026-05-25T00:00:49.541+03:00 DEBUG 11232 --- [Blogapp_1] [restartedMain] c.example.blogapp_1.BlogappApplication   : Running with Spring Boot v3.2.5, Spring v6.1.6
2026-05-25T00:00:49.548+03:00  INFO 11232 --- [Blogapp_1] [restartedMain] c.example.blogapp_1.BlogappApplication   : The following 1 profile is active: "dev"
2026-05-25T00:00:49.961+03:00  INFO 11232 --- [Blogapp_1] [restartedMain] .s.d.r.c.RepositoryConfigurationDelegate : Bootstrapping Spring Data JPA repositories in DEFAULT mode.
2026-05-25T00:00:50.055+03:00  INFO 11232 --- [Blogapp_1] [restartedMain] .s.d.r.c.RepositoryConfigurationDelegate : Finished Spring Data repository scanning in 93 ms. Found 3 JPA repository interfaces.
2026-05-25T00:00:50.933+03:00  INFO 11232 --- [Blogapp_1] [restartedMain] o.s.b.w.embedded.tomcat.TomcatWebServer  : Tomcat initialized with port 8080 (http)
2026-05-25T00:00:50.935+03:00  INFO 11232 --- [Blogapp_1] [restartedMain] o.apache.catalina.core.StandardService   : Starting service [Tomcat]
2026-05-25T00:00:50.937+03:00  INFO 11232 --- [Blogapp_1] [restartedMain] o.apache.catalina.core.StandardEngine    : Starting Servlet engine: [Apache Tomcat/10.1.20]
2026-05-25T00:00:51.083+03:00  INFO 11232 --- [Blogapp_1] [restartedMain] o.a.c.c.C.[Tomcat-1].[localhost].[/]     : Initializing Spring embedded WebApplicationContext
2026-05-25T00:00:51.083+03:00  INFO 11232 --- [Blogapp_1] [restartedMain] w.s.c.ServletWebServerApplicationContext : Root WebApplicationContext: initialization completed in 1531 ms
2026-05-25T00:00:51.384+03:00  INFO 11232 --- [Blogapp_1] [restartedMain] com.zaxxer.hikari.HikariDataSource       : HikariPool-3 - Starting...
2026-05-25T00:00:51.500+03:00  INFO 11232 --- [Blogapp_1] [restartedMain] com.zaxxer.hikari.pool.HikariPool        : HikariPool-3 - Added connection org.postgresql.jdbc.PgConnection@1b11f12
2026-05-25T00:00:51.501+03:00  INFO 11232 --- [Blogapp_1] [restartedMain] com.zaxxer.hikari.HikariDataSource       : HikariPool-3 - Start completed.
2026-05-25T00:00:51.532+03:00  INFO 11232 --- [Blogapp_1] [restartedMain] o.hibernate.jpa.internal.util.LogHelper  : HHH000204: Processing PersistenceUnitInfo [name: default]
2026-05-25T00:00:51.536+03:00  INFO 11232 --- [Blogapp_1] [restartedMain] o.h.c.internal.RegionFactoryInitiator    : HHH000026: Second-level cache disabled
2026-05-25T00:00:51.546+03:00  INFO 11232 --- [Blogapp_1] [restartedMain] o.s.o.j.p.SpringPersistenceUnitInfo      : No LoadTimeWeaver setup: ignoring JPA class transformer
2026-05-25T00:00:51.736+03:00  INFO 11232 --- [Blogapp_1] [restartedMain] o.h.e.t.j.p.i.JtaPlatformInitiator       : HHH000489: No JTA platform available (set 'hibernate.transaction.jta.platform' to enable JTA platform integration)
2026-05-25T00:00:51.804+03:00  INFO 11232 --- [Blogapp_1] [restartedMain] j.LocalContainerEntityManagerFactoryBean : Initialized JPA EntityManagerFactory for persistence unit 'default'
2026-05-25T00:00:51.827+03:00  INFO 11232 --- [Blogapp_1] [restartedMain] c.e.blogapp_1.config.LoggingConfig       : Application started successfully
2026-05-25T00:00:52.214+03:00  WARN 11232 --- [Blogapp_1] [restartedMain] JpaBaseConfiguration$JpaWebConfiguration : spring.jpa.open-in-view is enabled by default. Therefore, database queries may be performed during view rendering. Explicitly configure spring.jpa.open-in-view to disable this warning
2026-05-25T00:00:52.308+03:00  INFO 11232 --- [Blogapp_1] [restartedMain] o.s.b.a.w.s.WelcomePageHandlerMapping    : Adding welcome page template: index
2026-05-25T00:00:52.568+03:00  INFO 11232 --- [Blogapp_1] [restartedMain] o.s.s.web.DefaultSecurityFilterChain     : Will secure any request with [org.springframework.security.web.session.DisableEncodeUrlFilter@49f53ef4, org.springframework.security.web.context.request.async.WebAsyncManagerIntegrationFilter@2824d0f1, org.springframework.security.web.context.SecurityContextHolderFilter@4ffacec8, org.springframework.security.web.header.HeaderWriterFilter@3fbc0072, org.springframework.web.filter.CorsFilter@5aa3a4f8, org.springframework.security.web.authentication.logout.LogoutFilter@4b9804ae, org.springframework.security.web.authentication.UsernamePasswordAuthenticationFilter@4243ff66, org.springframework.security.web.savedrequest.RequestCacheAwareFilter@66d632db, org.springframework.security.web.servletapi.SecurityContextHolderAwareRequestFilter@d6d32e6, org.springframework.security.web.authentication.AnonymousAuthenticationFilter@746c805, org.springframework.security.web.access.ExceptionTranslationFilter@43f514ab, org.springframework.security.web.access.intercept.AuthorizationFilter@78115c99]
2026-05-25T00:00:52.864+03:00  INFO 11232 --- [Blogapp_1] [restartedMain] o.s.b.d.a.OptionalLiveReloadServer       : LiveReload server is running on port 35729
2026-05-25T00:00:52.886+03:00  INFO 11232 --- [Blogapp_1] [restartedMain] o.s.b.w.embedded.tomcat.TomcatWebServer  : Tomcat started on port 8080 (http) with context path ''
2026-05-25T00:00:52.891+03:00  INFO 11232 --- [Blogapp_1] [restartedMain] c.example.blogapp_1.BlogappApplication   : Started BlogappApplication in 3.577 seconds (process running for 18.563)
2026-05-25T00:00:52.894+03:00  INFO 11232 --- [Blogapp_1] [restartedMain] .ConditionEvaluationDeltaLoggingListener : Condition evaluation unchanged
2026-05-25T00:01:20.464+03:00  INFO 11232 --- [Blogapp_1] [http-nio-8080-exec-1] o.a.c.c.C.[Tomcat-1].[localhost].[/]     : Initializing Spring DispatcherServlet 'dispatcherServlet'
2026-05-25T00:01:20.466+03:00  INFO 11232 --- [Blogapp_1] [http-nio-8080-exec-1] o.s.web.servlet.DispatcherServlet        : Initializing Servlet 'dispatcherServlet'
2026-05-25T00:01:20.468+03:00  INFO 11232 --- [Blogapp_1] [http-nio-8080-exec-1] o.s.web.servlet.DispatcherServlet        : Completed initialization in 2 ms
2026-05-25T00:01:35.260+03:00  INFO 11232 --- [Blogapp_1] [http-nio-8080-exec-3] c.example.blogapp_1.service.PostService  : Fetching all posts
2026-05-25T00:02:06.170+03:00  INFO 11232 --- [Blogapp_1] [SpringApplicationShutdownHook] j.LocalContainerEntityManagerFactoryBean : Closing JPA EntityManagerFactory for persistence unit 'default'
2026-05-25T00:02:06.170+03:00  INFO 11232 --- [Blogapp_1] [SpringApplicationShutdownHook] com.zaxxer.hikari.HikariDataSource       : HikariPool-3 - Shutdown initiated...
2026-05-25T00:02:06.183+03:00  INFO 11232 --- [Blogapp_1] [SpringApplicationShutdownHook] com.zaxxer.hikari.HikariDataSource       : HikariPool-3 - Shutdown completed.
2026-05-25T00:02:21.754+03:00  INFO 6004 --- [Blogapp_1] [restartedMain] c.example.blogapp_1.BlogappApplication   : Starting BlogappApplication using Java 21.0.11 with PID 6004 (C:\Users\userrr\Desktop\blogapp_1\target\classes started by userrr in C:\Users\userrr\Desktop\blogapp_1)
2026-05-25T00:02:21.756+03:00 DEBUG 6004 --- [Blogapp_1] [restartedMain] c.example.blogapp_1.BlogappApplication   : Running with Spring Boot v3.2.5, Spring v6.1.6
2026-05-25T00:02:21.757+03:00  INFO 6004 --- [Blogapp_1] [restartedMain] c.example.blogapp_1.BlogappApplication   : The following 1 profile is active: "dev"
2026-05-25T00:02:21.821+03:00  INFO 6004 --- [Blogapp_1] [restartedMain] .e.DevToolsPropertyDefaultsPostProcessor : Devtools property defaults active! Set 'spring.devtools.add-properties' to 'false' to disable
2026-05-25T00:02:21.822+03:00  INFO 6004 --- [Blogapp_1] [restartedMain] .e.DevToolsPropertyDefaultsPostProcessor : For additional web related logging consider setting the 'logging.level.web' property to 'DEBUG'
2026-05-25T00:02:22.898+03:00  INFO 6004 --- [Blogapp_1] [restartedMain] .s.d.r.c.RepositoryConfigurationDelegate : Bootstrapping Spring Data JPA repositories in DEFAULT mode.
2026-05-25T00:02:22.965+03:00  INFO 6004 --- [Blogapp_1] [restartedMain] .s.d.r.c.RepositoryConfigurationDelegate : Finished Spring Data repository scanning in 58 ms. Found 3 JPA repository interfaces.
2026-05-25T00:02:23.663+03:00  INFO 6004 --- [Blogapp_1] [restartedMain] o.s.b.w.embedded.tomcat.TomcatWebServer  : Tomcat initialized with port 8080 (http)
2026-05-25T00:02:23.694+03:00  INFO 6004 --- [Blogapp_1] [restartedMain] o.apache.catalina.core.StandardService   : Starting service [Tomcat]
2026-05-25T00:02:23.696+03:00  INFO 6004 --- [Blogapp_1] [restartedMain] o.apache.catalina.core.StandardEngine    : Starting Servlet engine: [Apache Tomcat/10.1.20]
2026-05-25T00:02:23.796+03:00  INFO 6004 --- [Blogapp_1] [restartedMain] o.a.c.c.C.[Tomcat].[localhost].[/]       : Initializing Spring embedded WebApplicationContext
2026-05-25T00:02:23.796+03:00  INFO 6004 --- [Blogapp_1] [restartedMain] w.s.c.ServletWebServerApplicationContext : Root WebApplicationContext: initialization completed in 1974 ms
2026-05-25T00:02:24.156+03:00  INFO 6004 --- [Blogapp_1] [restartedMain] com.zaxxer.hikari.HikariDataSource       : HikariPool-1 - Starting...
2026-05-25T00:02:24.884+03:00  INFO 6004 --- [Blogapp_1] [restartedMain] com.zaxxer.hikari.pool.HikariPool        : HikariPool-1 - Added connection org.postgresql.jdbc.PgConnection@1b72ce19
2026-05-25T00:02:24.886+03:00  INFO 6004 --- [Blogapp_1] [restartedMain] com.zaxxer.hikari.HikariDataSource       : HikariPool-1 - Start completed.
2026-05-25T00:02:25.172+03:00  INFO 6004 --- [Blogapp_1] [restartedMain] o.hibernate.jpa.internal.util.LogHelper  : HHH000204: Processing PersistenceUnitInfo [name: default]
2026-05-25T00:02:25.304+03:00  INFO 6004 --- [Blogapp_1] [restartedMain] org.hibernate.Version                    : HHH000412: Hibernate ORM core version 6.4.4.Final
2026-05-25T00:02:25.401+03:00  INFO 6004 --- [Blogapp_1] [restartedMain] o.h.c.internal.RegionFactoryInitiator    : HHH000026: Second-level cache disabled
2026-05-25T00:02:25.933+03:00  INFO 6004 --- [Blogapp_1] [restartedMain] o.s.o.j.p.SpringPersistenceUnitInfo      : No LoadTimeWeaver setup: ignoring JPA class transformer
2026-05-25T00:02:28.213+03:00  INFO 6004 --- [Blogapp_1] [restartedMain] o.h.e.t.j.p.i.JtaPlatformInitiator       : HHH000489: No JTA platform available (set 'hibernate.transaction.jta.platform' to enable JTA platform integration)
2026-05-25T00:02:28.359+03:00  INFO 6004 --- [Blogapp_1] [restartedMain] j.LocalContainerEntityManagerFactoryBean : Initialized JPA EntityManagerFactory for persistence unit 'default'
2026-05-25T00:02:28.386+03:00  INFO 6004 --- [Blogapp_1] [restartedMain] c.e.blogapp_1.config.LoggingConfig       : Application started successfully
2026-05-25T00:02:29.443+03:00  WARN 6004 --- [Blogapp_1] [restartedMain] JpaBaseConfiguration$JpaWebConfiguration : spring.jpa.open-in-view is enabled by default. Therefore, database queries may be performed during view rendering. Explicitly configure spring.jpa.open-in-view to disable this warning
2026-05-25T00:02:30.087+03:00  INFO 6004 --- [Blogapp_1] [restartedMain] o.s.b.a.w.s.WelcomePageHandlerMapping    : Adding welcome page template: index
2026-05-25T00:02:30.743+03:00  INFO 6004 --- [Blogapp_1] [restartedMain] o.s.s.web.DefaultSecurityFilterChain     : Will secure any request with [org.springframework.security.web.session.DisableEncodeUrlFilter@22017312, org.springframework.security.web.context.request.async.WebAsyncManagerIntegrationFilter@19d63330, org.springframework.security.web.context.SecurityContextHolderFilter@4b93e54e, org.springframework.security.web.header.HeaderWriterFilter@4d800de, org.springframework.web.filter.CorsFilter@7370c4f, org.springframework.security.web.authentication.logout.LogoutFilter@21bb06d0, org.springframework.security.web.authentication.UsernamePasswordAuthenticationFilter@5e36396, org.springframework.security.web.savedrequest.RequestCacheAwareFilter@31de9bfd, org.springframework.security.web.servletapi.SecurityContextHolderAwareRequestFilter@13e485a2, org.springframework.security.web.authentication.AnonymousAuthenticationFilter@6c772496, org.springframework.security.web.access.ExceptionTranslationFilter@3d8b5a6d, org.springframework.security.web.access.intercept.AuthorizationFilter@48ae784a]
2026-05-25T00:02:31.722+03:00  INFO 6004 --- [Blogapp_1] [restartedMain] o.s.b.d.a.OptionalLiveReloadServer       : LiveReload server is running on port 35729
2026-05-25T00:02:31.806+03:00  INFO 6004 --- [Blogapp_1] [restartedMain] o.s.b.w.embedded.tomcat.TomcatWebServer  : Tomcat started on port 8080 (http) with context path ''
2026-05-25T00:02:31.823+03:00  INFO 6004 --- [Blogapp_1] [restartedMain] c.example.blogapp_1.BlogappApplication   : Started BlogappApplication in 10.714 seconds (process running for 11.742)
2026-05-25T00:02:51.701+03:00  INFO 6004 --- [Blogapp_1] [SpringApplicationShutdownHook] j.LocalContainerEntityManagerFactoryBean : Closing JPA EntityManagerFactory for persistence unit 'default'
2026-05-25T00:02:51.709+03:00  INFO 6004 --- [Blogapp_1] [SpringApplicationShutdownHook] com.zaxxer.hikari.HikariDataSource       : HikariPool-1 - Shutdown initiated...
2026-05-25T00:02:51.727+03:00  INFO 6004 --- [Blogapp_1] [SpringApplicationShutdownHook] com.zaxxer.hikari.HikariDataSource       : HikariPool-1 - Shutdown completed.
2026-05-25T00:03:00.781+03:00  INFO 15080 --- [Blogapp_1] [restartedMain] c.example.blogapp_1.BlogappApplication   : Starting BlogappApplication using Java 21.0.11 with PID 15080 (C:\Users\userrr\Desktop\blogapp_1\target\classes started by userrr in C:\Users\userrr\Desktop\blogapp_1)
2026-05-25T00:03:00.782+03:00 DEBUG 15080 --- [Blogapp_1] [restartedMain] c.example.blogapp_1.BlogappApplication   : Running with Spring Boot v3.2.5, Spring v6.1.6
2026-05-25T00:03:00.782+03:00  INFO 15080 --- [Blogapp_1] [restartedMain] c.example.blogapp_1.BlogappApplication   : The following 1 profile is active: "dev"
2026-05-25T00:03:00.847+03:00  INFO 15080 --- [Blogapp_1] [restartedMain] .e.DevToolsPropertyDefaultsPostProcessor : Devtools property defaults active! Set 'spring.devtools.add-properties' to 'false' to disable
2026-05-25T00:03:00.847+03:00  INFO 15080 --- [Blogapp_1] [restartedMain] .e.DevToolsPropertyDefaultsPostProcessor : For additional web related logging consider setting the 'logging.level.web' property to 'DEBUG'
2026-05-25T00:03:02.024+03:00  INFO 15080 --- [Blogapp_1] [restartedMain] .s.d.r.c.RepositoryConfigurationDelegate : Bootstrapping Spring Data JPA repositories in DEFAULT mode.
2026-05-25T00:03:02.112+03:00  INFO 15080 --- [Blogapp_1] [restartedMain] .s.d.r.c.RepositoryConfigurationDelegate : Finished Spring Data repository scanning in 85 ms. Found 3 JPA repository interfaces.
2026-05-25T00:03:03.224+03:00  INFO 15080 --- [Blogapp_1] [restartedMain] o.s.b.w.embedded.tomcat.TomcatWebServer  : Tomcat initialized with port 8080 (http)
2026-05-25T00:03:03.238+03:00  INFO 15080 --- [Blogapp_1] [restartedMain] o.apache.catalina.core.StandardService   : Starting service [Tomcat]
2026-05-25T00:03:03.238+03:00  INFO 15080 --- [Blogapp_1] [restartedMain] o.apache.catalina.core.StandardEngine    : Starting Servlet engine: [Apache Tomcat/10.1.20]
2026-05-25T00:03:03.311+03:00  INFO 15080 --- [Blogapp_1] [restartedMain] o.a.c.c.C.[Tomcat].[localhost].[/]       : Initializing Spring embedded WebApplicationContext
2026-05-25T00:03:03.311+03:00  INFO 15080 --- [Blogapp_1] [restartedMain] w.s.c.ServletWebServerApplicationContext : Root WebApplicationContext: initialization completed in 2464 ms
2026-05-25T00:03:03.492+03:00  INFO 15080 --- [Blogapp_1] [restartedMain] com.zaxxer.hikari.HikariDataSource       : HikariPool-1 - Starting...
2026-05-25T00:03:04.220+03:00  INFO 15080 --- [Blogapp_1] [restartedMain] com.zaxxer.hikari.pool.HikariPool        : HikariPool-1 - Added connection org.postgresql.jdbc.PgConnection@1f4828fd
2026-05-25T00:03:04.222+03:00  INFO 15080 --- [Blogapp_1] [restartedMain] com.zaxxer.hikari.HikariDataSource       : HikariPool-1 - Start completed.
2026-05-25T00:03:04.396+03:00  INFO 15080 --- [Blogapp_1] [restartedMain] o.hibernate.jpa.internal.util.LogHelper  : HHH000204: Processing PersistenceUnitInfo [name: default]
2026-05-25T00:03:04.486+03:00  INFO 15080 --- [Blogapp_1] [restartedMain] org.hibernate.Version                    : HHH000412: Hibernate ORM core version 6.4.4.Final
2026-05-25T00:03:04.537+03:00  INFO 15080 --- [Blogapp_1] [restartedMain] o.h.c.internal.RegionFactoryInitiator    : HHH000026: Second-level cache disabled
2026-05-25T00:03:04.965+03:00  INFO 15080 --- [Blogapp_1] [restartedMain] o.s.o.j.p.SpringPersistenceUnitInfo      : No LoadTimeWeaver setup: ignoring JPA class transformer
2026-05-25T00:03:07.047+03:00  INFO 15080 --- [Blogapp_1] [restartedMain] o.h.e.t.j.p.i.JtaPlatformInitiator       : HHH000489: No JTA platform available (set 'hibernate.transaction.jta.platform' to enable JTA platform integration)
2026-05-25T00:03:07.199+03:00  INFO 15080 --- [Blogapp_1] [restartedMain] j.LocalContainerEntityManagerFactoryBean : Initialized JPA EntityManagerFactory for persistence unit 'default'
2026-05-25T00:03:07.218+03:00  INFO 15080 --- [Blogapp_1] [restartedMain] c.e.blogapp_1.config.LoggingConfig       : Application started successfully
2026-05-25T00:03:08.033+03:00  WARN 15080 --- [Blogapp_1] [restartedMain] JpaBaseConfiguration$JpaWebConfiguration : spring.jpa.open-in-view is enabled by default. Therefore, database queries may be performed during view rendering. Explicitly configure spring.jpa.open-in-view to disable this warning
2026-05-25T00:03:08.250+03:00  INFO 15080 --- [Blogapp_1] [restartedMain] o.s.b.a.w.s.WelcomePageHandlerMapping    : Adding welcome page template: index
2026-05-25T00:03:08.718+03:00  INFO 15080 --- [Blogapp_1] [restartedMain] o.s.s.web.DefaultSecurityFilterChain     : Will secure any request with [org.springframework.security.web.session.DisableEncodeUrlFilter@dd513ab, org.springframework.security.web.context.request.async.WebAsyncManagerIntegrationFilter@3ce0fd76, org.springframework.security.web.context.SecurityContextHolderFilter@778024f2, org.springframework.security.web.header.HeaderWriterFilter@7efb2750, org.springframework.web.filter.CorsFilter@40424d1d, org.springframework.security.web.authentication.logout.LogoutFilter@2718d9fe, org.springframework.security.web.authentication.UsernamePasswordAuthenticationFilter@4c96191e, org.springframework.security.web.savedrequest.RequestCacheAwareFilter@253b6b6, org.springframework.security.web.servletapi.SecurityContextHolderAwareRequestFilter@21100fb, org.springframework.security.web.authentication.AnonymousAuthenticationFilter@1881e87e, org.springframework.security.web.access.ExceptionTranslationFilter@3c11ebd3, org.springframework.security.web.access.intercept.AuthorizationFilter@555c9b1c]
2026-05-25T00:03:09.502+03:00  INFO 15080 --- [Blogapp_1] [restartedMain] o.s.b.d.a.OptionalLiveReloadServer       : LiveReload server is running on port 35729
2026-05-25T00:03:09.567+03:00  INFO 15080 --- [Blogapp_1] [restartedMain] o.s.b.w.embedded.tomcat.TomcatWebServer  : Tomcat started on port 8080 (http) with context path ''
2026-05-25T00:03:09.583+03:00  INFO 15080 --- [Blogapp_1] [restartedMain] c.example.blogapp_1.BlogappApplication   : Started BlogappApplication in 9.657 seconds (process running for 10.883)
2026-05-25T00:03:23.052+03:00  INFO 15080 --- [Blogapp_1] [http-nio-8080-exec-1] o.a.c.c.C.[Tomcat].[localhost].[/]       : Initializing Spring DispatcherServlet 'dispatcherServlet'
2026-05-25T00:03:23.052+03:00  INFO 15080 --- [Blogapp_1] [http-nio-8080-exec-1] o.s.web.servlet.DispatcherServlet        : Initializing Servlet 'dispatcherServlet'
2026-05-25T00:03:23.055+03:00  INFO 15080 --- [Blogapp_1] [http-nio-8080-exec-1] o.s.web.servlet.DispatcherServlet        : Completed initialization in 3 ms
2026-05-25T00:03:33.427+03:00  INFO 15080 --- [Blogapp_1] [http-nio-8080-exec-4] c.example.blogapp_1.service.PostService  : Fetching all posts
2026-05-25T00:03:35.801+03:00  WARN 15080 --- [Blogapp_1] [http-nio-8080-exec-6] .m.m.a.ExceptionHandlerExceptionResolver : Resolved [org.springframework.security.access.AccessDeniedException: Access Denied]
2026-05-25T00:04:24.157+03:00  INFO 15080 --- [Blogapp_1] [File Watcher] rtingClassPathChangeChangedEventListener : Restarting due to 1 class path change (0 additions, 1 deletion, 0 modifications)
2026-05-25T00:04:24.174+03:00  INFO 15080 --- [Blogapp_1] [Thread-5] j.LocalContainerEntityManagerFactoryBean : Closing JPA EntityManagerFactory for persistence unit 'default'
2026-05-25T00:04:24.179+03:00  INFO 15080 --- [Blogapp_1] [Thread-5] com.zaxxer.hikari.HikariDataSource       : HikariPool-1 - Shutdown initiated...
2026-05-25T00:04:24.193+03:00  INFO 15080 --- [Blogapp_1] [Thread-5] com.zaxxer.hikari.HikariDataSource       : HikariPool-1 - Shutdown completed.
2026-05-25T00:04:24.329+03:00  INFO 15080 --- [Blogapp_1] [restartedMain] c.example.blogapp_1.BlogappApplication   : Starting BlogappApplication using Java 21.0.11 with PID 15080 (C:\Users\userrr\Desktop\blogapp_1\target\classes started by userrr in C:\Users\userrr\Desktop\blogapp_1)
2026-05-25T00:04:24.329+03:00 DEBUG 15080 --- [Blogapp_1] [restartedMain] c.example.blogapp_1.BlogappApplication   : Running with Spring Boot v3.2.5, Spring v6.1.6
2026-05-25T00:04:24.330+03:00  INFO 15080 --- [Blogapp_1] [restartedMain] c.example.blogapp_1.BlogappApplication   : The following 1 profile is active: "dev"
2026-05-25T00:04:24.625+03:00  INFO 15080 --- [Blogapp_1] [restartedMain] .s.d.r.c.RepositoryConfigurationDelegate : Bootstrapping Spring Data JPA repositories in DEFAULT mode.
2026-05-25T00:04:24.642+03:00  INFO 15080 --- [Blogapp_1] [restartedMain] .s.d.r.c.RepositoryConfigurationDelegate : Finished Spring Data repository scanning in 16 ms. Found 3 JPA repository interfaces.
2026-05-25T00:04:24.839+03:00  INFO 15080 --- [Blogapp_1] [restartedMain] o.s.b.w.embedded.tomcat.TomcatWebServer  : Tomcat initialized with port 8080 (http)
2026-05-25T00:04:24.842+03:00  INFO 15080 --- [Blogapp_1] [restartedMain] o.apache.catalina.core.StandardService   : Starting service [Tomcat]
2026-05-25T00:04:24.842+03:00  INFO 15080 --- [Blogapp_1] [restartedMain] o.apache.catalina.core.StandardEngine    : Starting Servlet engine: [Apache Tomcat/10.1.20]
2026-05-25T00:04:24.872+03:00  INFO 15080 --- [Blogapp_1] [restartedMain] o.a.c.c.C.[Tomcat].[localhost].[/]       : Initializing Spring embedded WebApplicationContext
2026-05-25T00:04:24.873+03:00  INFO 15080 --- [Blogapp_1] [restartedMain] w.s.c.ServletWebServerApplicationContext : Root WebApplicationContext: initialization completed in 540 ms
2026-05-25T00:04:24.952+03:00  INFO 15080 --- [Blogapp_1] [restartedMain] com.zaxxer.hikari.HikariDataSource       : HikariPool-2 - Starting...
2026-05-25T00:04:25.030+03:00  INFO 15080 --- [Blogapp_1] [restartedMain] com.zaxxer.hikari.pool.HikariPool        : HikariPool-2 - Added connection org.postgresql.jdbc.PgConnection@312a1a6d
2026-05-25T00:04:25.031+03:00  INFO 15080 --- [Blogapp_1] [restartedMain] com.zaxxer.hikari.HikariDataSource       : HikariPool-2 - Start completed.
2026-05-25T00:04:25.060+03:00  INFO 15080 --- [Blogapp_1] [restartedMain] o.hibernate.jpa.internal.util.LogHelper  : HHH000204: Processing PersistenceUnitInfo [name: default]
2026-05-25T00:04:25.066+03:00  INFO 15080 --- [Blogapp_1] [restartedMain] o.h.c.internal.RegionFactoryInitiator    : HHH000026: Second-level cache disabled
2026-05-25T00:04:25.074+03:00  INFO 15080 --- [Blogapp_1] [restartedMain] o.s.o.j.p.SpringPersistenceUnitInfo      : No LoadTimeWeaver setup: ignoring JPA class transformer
2026-05-25T00:04:25.229+03:00  INFO 15080 --- [Blogapp_1] [restartedMain] o.h.e.t.j.p.i.JtaPlatformInitiator       : HHH000489: No JTA platform available (set 'hibernate.transaction.jta.platform' to enable JTA platform integration)
2026-05-25T00:04:25.309+03:00  INFO 15080 --- [Blogapp_1] [restartedMain] j.LocalContainerEntityManagerFactoryBean : Initialized JPA EntityManagerFactory for persistence unit 'default'
2026-05-25T00:04:25.318+03:00  INFO 15080 --- [Blogapp_1] [restartedMain] c.e.blogapp_1.config.LoggingConfig       : Application started successfully
2026-05-25T00:04:25.425+03:00  WARN 15080 --- [Blogapp_1] [restartedMain] ConfigServletWebServerApplicationContext : Exception encountered during context initialization - cancelling refresh attempt: org.springframework.beans.factory.UnsatisfiedDependencyException: Error creating bean with name 'authController' defined in file [C:\Users\userrr\Desktop\blogapp_1\target\classes\com\example\blogapp_1\controller\AuthController.class]: Unsatisfied dependency expressed through constructor parameter 0: Error creating bean with name 'userService' defined in file [C:\Users\userrr\Desktop\blogapp_1\target\classes\com\example\blogapp_1\service\UserService.class]: Unsatisfied dependency expressed through constructor parameter 1: No qualifying bean of type 'org.springframework.security.crypto.password.PasswordEncoder' available: expected at least 1 bean which qualifies as autowire candidate. Dependency annotations: {}
2026-05-25T00:04:25.425+03:00  INFO 15080 --- [Blogapp_1] [restartedMain] j.LocalContainerEntityManagerFactoryBean : Closing JPA EntityManagerFactory for persistence unit 'default'
2026-05-25T00:04:25.426+03:00  INFO 15080 --- [Blogapp_1] [restartedMain] com.zaxxer.hikari.HikariDataSource       : HikariPool-2 - Shutdown initiated...
2026-05-25T00:04:25.490+03:00  INFO 15080 --- [Blogapp_1] [restartedMain] com.zaxxer.hikari.HikariDataSource       : HikariPool-2 - Shutdown completed.
2026-05-25T00:04:25.491+03:00  INFO 15080 --- [Blogapp_1] [restartedMain] o.apache.catalina.core.StandardService   : Stopping service [Tomcat]
2026-05-25T00:04:25.500+03:00  INFO 15080 --- [Blogapp_1] [restartedMain] .s.b.a.l.ConditionEvaluationReportLogger : 

Error starting ApplicationContext. To display the condition evaluation report re-run your application with 'debug' enabled.
2026-05-25T00:04:25.677+03:00 ERROR 15080 --- [Blogapp_1] [restartedMain] o.s.b.d.LoggingFailureAnalysisReporter   : 

***************************
APPLICATION FAILED TO START
***************************

Description:

Parameter 1 of constructor in com.example.blogapp_1.service.UserService required a bean of type 'org.springframework.security.crypto.password.PasswordEncoder' that could not be found.


Action:

Consider defining a bean of type 'org.springframework.security.crypto.password.PasswordEncoder' in your configuration.

2026-05-25T00:04:27.337+03:00  INFO 15080 --- [Blogapp_1] [restartedMain] c.example.blogapp_1.BlogappApplication   : Starting BlogappApplication using Java 21.0.11 with PID 15080 (C:\Users\userrr\Desktop\blogapp_1\target\classes started by userrr in C:\Users\userrr\Desktop\blogapp_1)
2026-05-25T00:04:27.338+03:00 DEBUG 15080 --- [Blogapp_1] [restartedMain] c.example.blogapp_1.BlogappApplication   : Running with Spring Boot v3.2.5, Spring v6.1.6
2026-05-25T00:04:27.338+03:00  INFO 15080 --- [Blogapp_1] [restartedMain] c.example.blogapp_1.BlogappApplication   : The following 1 profile is active: "dev"
2026-05-25T00:04:27.728+03:00  INFO 15080 --- [Blogapp_1] [restartedMain] .s.d.r.c.RepositoryConfigurationDelegate : Bootstrapping Spring Data JPA repositories in DEFAULT mode.
2026-05-25T00:04:27.792+03:00  INFO 15080 --- [Blogapp_1] [restartedMain] .s.d.r.c.RepositoryConfigurationDelegate : Finished Spring Data repository scanning in 63 ms. Found 3 JPA repository interfaces.
2026-05-25T00:04:27.996+03:00  INFO 15080 --- [Blogapp_1] [restartedMain] o.s.b.w.embedded.tomcat.TomcatWebServer  : Tomcat initialized with port 8080 (http)
2026-05-25T00:04:27.997+03:00  INFO 15080 --- [Blogapp_1] [restartedMain] o.apache.catalina.core.StandardService   : Starting service [Tomcat]
2026-05-25T00:04:27.998+03:00  INFO 15080 --- [Blogapp_1] [restartedMain] o.apache.catalina.core.StandardEngine    : Starting Servlet engine: [Apache Tomcat/10.1.20]
2026-05-25T00:04:28.023+03:00  INFO 15080 --- [Blogapp_1] [restartedMain] o.a.c.c.C.[Tomcat-1].[localhost].[/]     : Initializing Spring embedded WebApplicationContext
2026-05-25T00:04:28.024+03:00  INFO 15080 --- [Blogapp_1] [restartedMain] w.s.c.ServletWebServerApplicationContext : Root WebApplicationContext: initialization completed in 684 ms
2026-05-25T00:04:28.106+03:00  INFO 15080 --- [Blogapp_1] [restartedMain] com.zaxxer.hikari.HikariDataSource       : HikariPool-3 - Starting...
2026-05-25T00:04:28.238+03:00  INFO 15080 --- [Blogapp_1] [restartedMain] com.zaxxer.hikari.pool.HikariPool        : HikariPool-3 - Added connection org.postgresql.jdbc.PgConnection@3c21ac72
2026-05-25T00:04:28.238+03:00  INFO 15080 --- [Blogapp_1] [restartedMain] com.zaxxer.hikari.HikariDataSource       : HikariPool-3 - Start completed.
2026-05-25T00:04:28.272+03:00  INFO 15080 --- [Blogapp_1] [restartedMain] o.hibernate.jpa.internal.util.LogHelper  : HHH000204: Processing PersistenceUnitInfo [name: default]
2026-05-25T00:04:28.276+03:00  INFO 15080 --- [Blogapp_1] [restartedMain] o.h.c.internal.RegionFactoryInitiator    : HHH000026: Second-level cache disabled
2026-05-25T00:04:28.282+03:00  INFO 15080 --- [Blogapp_1] [restartedMain] o.s.o.j.p.SpringPersistenceUnitInfo      : No LoadTimeWeaver setup: ignoring JPA class transformer
2026-05-25T00:04:28.431+03:00  INFO 15080 --- [Blogapp_1] [restartedMain] o.h.e.t.j.p.i.JtaPlatformInitiator       : HHH000489: No JTA platform available (set 'hibernate.transaction.jta.platform' to enable JTA platform integration)
2026-05-25T00:04:28.514+03:00  INFO 15080 --- [Blogapp_1] [restartedMain] j.LocalContainerEntityManagerFactoryBean : Initialized JPA EntityManagerFactory for persistence unit 'default'
2026-05-25T00:04:28.531+03:00  INFO 15080 --- [Blogapp_1] [restartedMain] c.e.blogapp_1.config.LoggingConfig       : Application started successfully
2026-05-25T00:04:28.749+03:00  WARN 15080 --- [Blogapp_1] [restartedMain] JpaBaseConfiguration$JpaWebConfiguration : spring.jpa.open-in-view is enabled by default. Therefore, database queries may be performed during view rendering. Explicitly configure spring.jpa.open-in-view to disable this warning
2026-05-25T00:04:28.807+03:00  INFO 15080 --- [Blogapp_1] [restartedMain] o.s.b.a.w.s.WelcomePageHandlerMapping    : Adding welcome page template: index
2026-05-25T00:04:29.007+03:00  INFO 15080 --- [Blogapp_1] [restartedMain] o.s.s.web.DefaultSecurityFilterChain     : Will secure any request with [org.springframework.security.web.session.DisableEncodeUrlFilter@5609646e, org.springframework.security.web.context.request.async.WebAsyncManagerIntegrationFilter@251a059c, org.springframework.security.web.context.SecurityContextHolderFilter@69a47ae9, org.springframework.security.web.header.HeaderWriterFilter@53f5c607, org.springframework.web.filter.CorsFilter@3b0a1c24, org.springframework.security.web.authentication.logout.LogoutFilter@1f5cbf5, org.springframework.security.web.authentication.UsernamePasswordAuthenticationFilter@27971b1c, org.springframework.security.web.savedrequest.RequestCacheAwareFilter@26c0e0c9, org.springframework.security.web.servletapi.SecurityContextHolderAwareRequestFilter@1713c403, org.springframework.security.web.authentication.AnonymousAuthenticationFilter@24dabfa2, org.springframework.security.web.access.ExceptionTranslationFilter@33f05240, org.springframework.security.web.access.intercept.AuthorizationFilter@812d388]
2026-05-25T00:04:29.255+03:00  INFO 15080 --- [Blogapp_1] [restartedMain] o.s.b.d.a.OptionalLiveReloadServer       : LiveReload server is running on port 35729
2026-05-25T00:04:29.278+03:00  INFO 15080 --- [Blogapp_1] [restartedMain] o.s.b.w.embedded.tomcat.TomcatWebServer  : Tomcat started on port 8080 (http) with context path ''
2026-05-25T00:04:29.282+03:00  INFO 15080 --- [Blogapp_1] [restartedMain] c.example.blogapp_1.BlogappApplication   : Started BlogappApplication in 2.0 seconds (process running for 90.582)
2026-05-25T00:04:29.285+03:00  INFO 15080 --- [Blogapp_1] [restartedMain] .ConditionEvaluationDeltaLoggingListener : Condition evaluation unchanged
2026-05-25T00:04:45.808+03:00  INFO 15080 --- [Blogapp_1] [SpringApplicationShutdownHook] j.LocalContainerEntityManagerFactoryBean : Closing JPA EntityManagerFactory for persistence unit 'default'
2026-05-25T00:04:45.809+03:00  INFO 15080 --- [Blogapp_1] [SpringApplicationShutdownHook] com.zaxxer.hikari.HikariDataSource       : HikariPool-3 - Shutdown initiated...
2026-05-25T00:04:45.819+03:00  INFO 15080 --- [Blogapp_1] [SpringApplicationShutdownHook] com.zaxxer.hikari.HikariDataSource       : HikariPool-3 - Shutdown completed.
2026-05-25T00:04:54.188+03:00  INFO 16636 --- [Blogapp_1] [restartedMain] c.example.blogapp_1.BlogappApplication   : Starting BlogappApplication using Java 21.0.11 with PID 16636 (C:\Users\userrr\Desktop\blogapp_1\target\classes started by userrr in C:\Users\userrr\Desktop\blogapp_1)
2026-05-25T00:04:54.189+03:00 DEBUG 16636 --- [Blogapp_1] [restartedMain] c.example.blogapp_1.BlogappApplication   : Running with Spring Boot v3.2.5, Spring v6.1.6
2026-05-25T00:04:54.193+03:00  INFO 16636 --- [Blogapp_1] [restartedMain] c.example.blogapp_1.BlogappApplication   : The following 1 profile is active: "dev"
2026-05-25T00:04:54.265+03:00  INFO 16636 --- [Blogapp_1] [restartedMain] .e.DevToolsPropertyDefaultsPostProcessor : Devtools property defaults active! Set 'spring.devtools.add-properties' to 'false' to disable
2026-05-25T00:04:54.267+03:00  INFO 16636 --- [Blogapp_1] [restartedMain] .e.DevToolsPropertyDefaultsPostProcessor : For additional web related logging consider setting the 'logging.level.web' property to 'DEBUG'
2026-05-25T00:04:55.458+03:00  INFO 16636 --- [Blogapp_1] [restartedMain] .s.d.r.c.RepositoryConfigurationDelegate : Bootstrapping Spring Data JPA repositories in DEFAULT mode.
2026-05-25T00:04:55.554+03:00  INFO 16636 --- [Blogapp_1] [restartedMain] .s.d.r.c.RepositoryConfigurationDelegate : Finished Spring Data repository scanning in 85 ms. Found 3 JPA repository interfaces.
2026-05-25T00:04:56.644+03:00  INFO 16636 --- [Blogapp_1] [restartedMain] o.s.b.w.embedded.tomcat.TomcatWebServer  : Tomcat initialized with port 8080 (http)
2026-05-25T00:04:56.664+03:00  INFO 16636 --- [Blogapp_1] [restartedMain] o.apache.catalina.core.StandardService   : Starting service [Tomcat]
2026-05-25T00:04:56.665+03:00  INFO 16636 --- [Blogapp_1] [restartedMain] o.apache.catalina.core.StandardEngine    : Starting Servlet engine: [Apache Tomcat/10.1.20]
2026-05-25T00:04:56.762+03:00  INFO 16636 --- [Blogapp_1] [restartedMain] o.a.c.c.C.[Tomcat].[localhost].[/]       : Initializing Spring embedded WebApplicationContext
2026-05-25T00:04:56.762+03:00  INFO 16636 --- [Blogapp_1] [restartedMain] w.s.c.ServletWebServerApplicationContext : Root WebApplicationContext: initialization completed in 2495 ms
2026-05-25T00:04:56.958+03:00  INFO 16636 --- [Blogapp_1] [restartedMain] com.zaxxer.hikari.HikariDataSource       : HikariPool-1 - Starting...
2026-05-25T00:04:57.231+03:00  INFO 16636 --- [Blogapp_1] [restartedMain] com.zaxxer.hikari.pool.HikariPool        : HikariPool-1 - Added connection org.postgresql.jdbc.PgConnection@1f196dd9
2026-05-25T00:04:57.233+03:00  INFO 16636 --- [Blogapp_1] [restartedMain] com.zaxxer.hikari.HikariDataSource       : HikariPool-1 - Start completed.
2026-05-25T00:04:57.387+03:00  INFO 16636 --- [Blogapp_1] [restartedMain] o.hibernate.jpa.internal.util.LogHelper  : HHH000204: Processing PersistenceUnitInfo [name: default]
2026-05-25T00:04:57.498+03:00  INFO 16636 --- [Blogapp_1] [restartedMain] org.hibernate.Version                    : HHH000412: Hibernate ORM core version 6.4.4.Final
2026-05-25T00:04:57.553+03:00  INFO 16636 --- [Blogapp_1] [restartedMain] o.h.c.internal.RegionFactoryInitiator    : HHH000026: Second-level cache disabled
2026-05-25T00:04:57.979+03:00  INFO 16636 --- [Blogapp_1] [restartedMain] o.s.o.j.p.SpringPersistenceUnitInfo      : No LoadTimeWeaver setup: ignoring JPA class transformer
2026-05-25T00:04:59.736+03:00  INFO 16636 --- [Blogapp_1] [restartedMain] o.h.e.t.j.p.i.JtaPlatformInitiator       : HHH000489: No JTA platform available (set 'hibernate.transaction.jta.platform' to enable JTA platform integration)
2026-05-25T00:04:59.847+03:00  INFO 16636 --- [Blogapp_1] [restartedMain] j.LocalContainerEntityManagerFactoryBean : Initialized JPA EntityManagerFactory for persistence unit 'default'
2026-05-25T00:04:59.869+03:00  INFO 16636 --- [Blogapp_1] [restartedMain] c.e.blogapp_1.config.LoggingConfig       : Application started successfully
2026-05-25T00:05:00.575+03:00  WARN 16636 --- [Blogapp_1] [restartedMain] JpaBaseConfiguration$JpaWebConfiguration : spring.jpa.open-in-view is enabled by default. Therefore, database queries may be performed during view rendering. Explicitly configure spring.jpa.open-in-view to disable this warning
2026-05-25T00:05:00.808+03:00  INFO 16636 --- [Blogapp_1] [restartedMain] o.s.b.a.w.s.WelcomePageHandlerMapping    : Adding welcome page template: index
2026-05-25T00:05:01.167+03:00  INFO 16636 --- [Blogapp_1] [restartedMain] o.s.s.web.DefaultSecurityFilterChain     : Will secure any request with [org.springframework.security.web.session.DisableEncodeUrlFilter@13e29ab5, org.springframework.security.web.context.request.async.WebAsyncManagerIntegrationFilter@23ad1ee7, org.springframework.security.web.context.SecurityContextHolderFilter@453b7c3f, org.springframework.security.web.header.HeaderWriterFilter@6eb74a55, org.springframework.web.filter.CorsFilter@74c38c3, org.springframework.security.web.authentication.logout.LogoutFilter@68c8c7a6, org.springframework.security.web.authentication.UsernamePasswordAuthenticationFilter@667857b6, org.springframework.security.web.savedrequest.RequestCacheAwareFilter@7cc2048c, org.springframework.security.web.servletapi.SecurityContextHolderAwareRequestFilter@16960204, org.springframework.security.web.authentication.AnonymousAuthenticationFilter@2da8be57, org.springframework.security.web.access.ExceptionTranslationFilter@29018811, org.springframework.security.web.access.intercept.AuthorizationFilter@3a7141d7]
2026-05-25T00:05:01.730+03:00  INFO 16636 --- [Blogapp_1] [restartedMain] o.s.b.d.a.OptionalLiveReloadServer       : LiveReload server is running on port 35729
2026-05-25T00:05:01.785+03:00  INFO 16636 --- [Blogapp_1] [restartedMain] o.s.b.w.embedded.tomcat.TomcatWebServer  : Tomcat started on port 8080 (http) with context path ''
2026-05-25T00:05:01.800+03:00  INFO 16636 --- [Blogapp_1] [restartedMain] c.example.blogapp_1.BlogappApplication   : Started BlogappApplication in 8.49 seconds (process running for 9.816)
2026-05-25T00:05:01.876+03:00  INFO 16636 --- [Blogapp_1] [http-nio-8080-exec-1] o.a.c.c.C.[Tomcat].[localhost].[/]       : Initializing Spring DispatcherServlet 'dispatcherServlet'
2026-05-25T00:05:01.876+03:00  INFO 16636 --- [Blogapp_1] [http-nio-8080-exec-1] o.s.web.servlet.DispatcherServlet        : Initializing Servlet 'dispatcherServlet'
2026-05-25T00:05:01.879+03:00  INFO 16636 --- [Blogapp_1] [http-nio-8080-exec-1] o.s.web.servlet.DispatcherServlet        : Completed initialization in 2 ms
2026-05-25T00:05:01.977+03:00 ERROR 16636 --- [Blogapp_1] [http-nio-8080-exec-1] c.e.b.controller.GlobalExceptionHandler  : Access denied: Access Denied
2026-05-25T00:05:01.980+03:00  WARN 16636 --- [Blogapp_1] [http-nio-8080-exec-1] .m.m.a.ExceptionHandlerExceptionResolver : Resolved [org.springframework.security.access.AccessDeniedException: Access Denied]
2026-05-25T00:05:04.822+03:00 ERROR 16636 --- [Blogapp_1] [http-nio-8080-exec-3] c.e.b.controller.GlobalExceptionHandler  : Access denied: Access Denied
2026-05-25T00:05:04.823+03:00  WARN 16636 --- [Blogapp_1] [http-nio-8080-exec-3] .m.m.a.ExceptionHandlerExceptionResolver : Resolved [org.springframework.security.access.AccessDeniedException: Access Denied]
2026-05-25T00:05:06.777+03:00  INFO 16636 --- [Blogapp_1] [http-nio-8080-exec-5] c.example.blogapp_1.service.PostService  : Fetching all posts
2026-05-25T00:05:08.183+03:00 ERROR 16636 --- [Blogapp_1] [http-nio-8080-exec-7] c.e.b.controller.GlobalExceptionHandler  : Access denied: Access Denied
2026-05-25T00:05:08.183+03:00  WARN 16636 --- [Blogapp_1] [http-nio-8080-exec-7] .m.m.a.ExceptionHandlerExceptionResolver : Resolved [org.springframework.security.access.AccessDeniedException: Access Denied]
2026-05-25T00:05:59.123+03:00  INFO 16636 --- [Blogapp_1] [File Watcher] rtingClassPathChangeChangedEventListener : Restarting due to 1 class path change (0 additions, 0 deletions, 1 modification)
2026-05-25T00:05:59.154+03:00  INFO 16636 --- [Blogapp_1] [Thread-5] j.LocalContainerEntityManagerFactoryBean : Closing JPA EntityManagerFactory for persistence unit 'default'
2026-05-25T00:05:59.154+03:00  INFO 16636 --- [Blogapp_1] [Thread-5] com.zaxxer.hikari.HikariDataSource       : HikariPool-1 - Shutdown initiated...
2026-05-25T00:05:59.183+03:00  INFO 16636 --- [Blogapp_1] [Thread-5] com.zaxxer.hikari.HikariDataSource       : HikariPool-1 - Shutdown completed.
2026-05-25T00:05:59.341+03:00  INFO 16636 --- [Blogapp_1] [restartedMain] c.example.blogapp_1.BlogappApplication   : Starting BlogappApplication using Java 21.0.11 with PID 16636 (C:\Users\userrr\Desktop\blogapp_1\target\classes started by userrr in C:\Users\userrr\Desktop\blogapp_1)
2026-05-25T00:05:59.341+03:00 DEBUG 16636 --- [Blogapp_1] [restartedMain] c.example.blogapp_1.BlogappApplication   : Running with Spring Boot v3.2.5, Spring v6.1.6
2026-05-25T00:05:59.341+03:00  INFO 16636 --- [Blogapp_1] [restartedMain] c.example.blogapp_1.BlogappApplication   : The following 1 profile is active: "dev"
2026-05-25T00:05:59.714+03:00  INFO 16636 --- [Blogapp_1] [restartedMain] .s.d.r.c.RepositoryConfigurationDelegate : Bootstrapping Spring Data JPA repositories in DEFAULT mode.
2026-05-25T00:05:59.738+03:00  INFO 16636 --- [Blogapp_1] [restartedMain] .s.d.r.c.RepositoryConfigurationDelegate : Finished Spring Data repository scanning in 23 ms. Found 3 JPA repository interfaces.
2026-05-25T00:05:59.937+03:00  INFO 16636 --- [Blogapp_1] [restartedMain] o.s.b.w.embedded.tomcat.TomcatWebServer  : Tomcat initialized with port 8080 (http)
2026-05-25T00:05:59.937+03:00  INFO 16636 --- [Blogapp_1] [restartedMain] o.apache.catalina.core.StandardService   : Starting service [Tomcat]
2026-05-25T00:05:59.937+03:00  INFO 16636 --- [Blogapp_1] [restartedMain] o.apache.catalina.core.StandardEngine    : Starting Servlet engine: [Apache Tomcat/10.1.20]
2026-05-25T00:05:59.980+03:00  INFO 16636 --- [Blogapp_1] [restartedMain] o.a.c.c.C.[Tomcat].[localhost].[/]       : Initializing Spring embedded WebApplicationContext
2026-05-25T00:05:59.982+03:00  INFO 16636 --- [Blogapp_1] [restartedMain] w.s.c.ServletWebServerApplicationContext : Root WebApplicationContext: initialization completed in 635 ms
2026-05-25T00:06:00.180+03:00  INFO 16636 --- [Blogapp_1] [restartedMain] com.zaxxer.hikari.HikariDataSource       : HikariPool-2 - Starting...
2026-05-25T00:06:00.284+03:00  INFO 16636 --- [Blogapp_1] [restartedMain] com.zaxxer.hikari.pool.HikariPool        : HikariPool-2 - Added connection org.postgresql.jdbc.PgConnection@ff51cbf
2026-05-25T00:06:00.285+03:00  INFO 16636 --- [Blogapp_1] [restartedMain] com.zaxxer.hikari.HikariDataSource       : HikariPool-2 - Start completed.
2026-05-25T00:06:00.312+03:00  INFO 16636 --- [Blogapp_1] [restartedMain] o.hibernate.jpa.internal.util.LogHelper  : HHH000204: Processing PersistenceUnitInfo [name: default]
2026-05-25T00:06:00.312+03:00  INFO 16636 --- [Blogapp_1] [restartedMain] o.h.c.internal.RegionFactoryInitiator    : HHH000026: Second-level cache disabled
2026-05-25T00:06:00.327+03:00  INFO 16636 --- [Blogapp_1] [restartedMain] o.s.o.j.p.SpringPersistenceUnitInfo      : No LoadTimeWeaver setup: ignoring JPA class transformer
2026-05-25T00:06:00.806+03:00  INFO 16636 --- [Blogapp_1] [restartedMain] o.h.e.t.j.p.i.JtaPlatformInitiator       : HHH000489: No JTA platform available (set 'hibernate.transaction.jta.platform' to enable JTA platform integration)
2026-05-25T00:06:00.873+03:00  INFO 16636 --- [Blogapp_1] [restartedMain] j.LocalContainerEntityManagerFactoryBean : Initialized JPA EntityManagerFactory for persistence unit 'default'
2026-05-25T00:06:00.895+03:00  INFO 16636 --- [Blogapp_1] [restartedMain] c.e.blogapp_1.config.LoggingConfig       : Application started successfully
2026-05-25T00:06:01.172+03:00  WARN 16636 --- [Blogapp_1] [restartedMain] JpaBaseConfiguration$JpaWebConfiguration : spring.jpa.open-in-view is enabled by default. Therefore, database queries may be performed during view rendering. Explicitly configure spring.jpa.open-in-view to disable this warning
2026-05-25T00:06:01.255+03:00  INFO 16636 --- [Blogapp_1] [restartedMain] o.s.b.a.w.s.WelcomePageHandlerMapping    : Adding welcome page template: index
2026-05-25T00:06:01.514+03:00  INFO 16636 --- [Blogapp_1] [restartedMain] o.s.s.web.DefaultSecurityFilterChain     : Will secure any request with [org.springframework.security.web.session.DisableEncodeUrlFilter@7278ab99, org.springframework.security.web.context.request.async.WebAsyncManagerIntegrationFilter@306fb599, org.springframework.security.web.context.SecurityContextHolderFilter@124ecafe, org.springframework.security.web.header.HeaderWriterFilter@58b47134, org.springframework.web.filter.CorsFilter@539a44b1, org.springframework.security.web.authentication.logout.LogoutFilter@7d6b6b7c, org.springframework.security.web.authentication.UsernamePasswordAuthenticationFilter@230a7a00, org.springframework.security.web.savedrequest.RequestCacheAwareFilter@69fbb6f1, org.springframework.security.web.servletapi.SecurityContextHolderAwareRequestFilter@62d0ab35, org.springframework.security.web.authentication.AnonymousAuthenticationFilter@23b0feb8, org.springframework.security.web.access.ExceptionTranslationFilter@1ce2e84b, org.springframework.security.web.access.intercept.AuthorizationFilter@51cd154]
2026-05-25T00:06:01.829+03:00  INFO 16636 --- [Blogapp_1] [restartedMain] o.s.b.d.a.OptionalLiveReloadServer       : LiveReload server is running on port 35729
2026-05-25T00:06:01.869+03:00  INFO 16636 --- [Blogapp_1] [restartedMain] o.s.b.w.embedded.tomcat.TomcatWebServer  : Tomcat started on port 8080 (http) with context path ''
2026-05-25T00:06:01.875+03:00  INFO 16636 --- [Blogapp_1] [restartedMain] c.example.blogapp_1.BlogappApplication   : Started BlogappApplication in 2.587 seconds (process running for 69.891)
2026-05-25T00:06:01.878+03:00  INFO 16636 --- [Blogapp_1] [restartedMain] .ConditionEvaluationDeltaLoggingListener : Condition evaluation unchanged
2026-05-25T00:06:16.677+03:00  INFO 16636 --- [Blogapp_1] [File Watcher] rtingClassPathChangeChangedEventListener : Restarting due to 1 class path change (0 additions, 1 deletion, 0 modifications)
2026-05-25T00:06:16.689+03:00  INFO 16636 --- [Blogapp_1] [Thread-7] j.LocalContainerEntityManagerFactoryBean : Closing JPA EntityManagerFactory for persistence unit 'default'
2026-05-25T00:06:16.690+03:00  INFO 16636 --- [Blogapp_1] [Thread-7] com.zaxxer.hikari.HikariDataSource       : HikariPool-2 - Shutdown initiated...
2026-05-25T00:06:16.706+03:00  INFO 16636 --- [Blogapp_1] [Thread-7] com.zaxxer.hikari.HikariDataSource       : HikariPool-2 - Shutdown completed.
2026-05-25T00:06:16.841+03:00  INFO 16636 --- [Blogapp_1] [restartedMain] c.example.blogapp_1.BlogappApplication   : Starting BlogappApplication using Java 21.0.11 with PID 16636 (C:\Users\userrr\Desktop\blogapp_1\target\classes started by userrr in C:\Users\userrr\Desktop\blogapp_1)
2026-05-25T00:06:16.841+03:00 DEBUG 16636 --- [Blogapp_1] [restartedMain] c.example.blogapp_1.BlogappApplication   : Running with Spring Boot v3.2.5, Spring v6.1.6
2026-05-25T00:06:16.842+03:00  INFO 16636 --- [Blogapp_1] [restartedMain] c.example.blogapp_1.BlogappApplication   : The following 1 profile is active: "dev"
2026-05-25T00:06:17.110+03:00  INFO 16636 --- [Blogapp_1] [restartedMain] .s.d.r.c.RepositoryConfigurationDelegate : Bootstrapping Spring Data JPA repositories in DEFAULT mode.
2026-05-25T00:06:17.127+03:00  INFO 16636 --- [Blogapp_1] [restartedMain] .s.d.r.c.RepositoryConfigurationDelegate : Finished Spring Data repository scanning in 16 ms. Found 3 JPA repository interfaces.
2026-05-25T00:06:17.316+03:00  INFO 16636 --- [Blogapp_1] [restartedMain] o.s.b.w.embedded.tomcat.TomcatWebServer  : Tomcat initialized with port 8080 (http)
2026-05-25T00:06:17.317+03:00  INFO 16636 --- [Blogapp_1] [restartedMain] o.apache.catalina.core.StandardService   : Starting service [Tomcat]
2026-05-25T00:06:17.317+03:00  INFO 16636 --- [Blogapp_1] [restartedMain] o.apache.catalina.core.StandardEngine    : Starting Servlet engine: [Apache Tomcat/10.1.20]
2026-05-25T00:06:17.393+03:00  INFO 16636 --- [Blogapp_1] [restartedMain] o.a.c.c.C.[Tomcat].[localhost].[/]       : Initializing Spring embedded WebApplicationContext
2026-05-25T00:06:17.393+03:00  INFO 16636 --- [Blogapp_1] [restartedMain] w.s.c.ServletWebServerApplicationContext : Root WebApplicationContext: initialization completed in 549 ms
2026-05-25T00:06:17.468+03:00  INFO 16636 --- [Blogapp_1] [restartedMain] com.zaxxer.hikari.HikariDataSource       : HikariPool-3 - Starting...
2026-05-25T00:06:17.556+03:00  INFO 16636 --- [Blogapp_1] [restartedMain] com.zaxxer.hikari.pool.HikariPool        : HikariPool-3 - Added connection org.postgresql.jdbc.PgConnection@7bfb15ea
2026-05-25T00:06:17.556+03:00  INFO 16636 --- [Blogapp_1] [restartedMain] com.zaxxer.hikari.HikariDataSource       : HikariPool-3 - Start completed.
2026-05-25T00:06:17.582+03:00  INFO 16636 --- [Blogapp_1] [restartedMain] o.hibernate.jpa.internal.util.LogHelper  : HHH000204: Processing PersistenceUnitInfo [name: default]
2026-05-25T00:06:17.586+03:00  INFO 16636 --- [Blogapp_1] [restartedMain] o.h.c.internal.RegionFactoryInitiator    : HHH000026: Second-level cache disabled
2026-05-25T00:06:17.592+03:00  INFO 16636 --- [Blogapp_1] [restartedMain] o.s.o.j.p.SpringPersistenceUnitInfo      : No LoadTimeWeaver setup: ignoring JPA class transformer
2026-05-25T00:06:17.731+03:00  INFO 16636 --- [Blogapp_1] [restartedMain] o.h.e.t.j.p.i.JtaPlatformInitiator       : HHH000489: No JTA platform available (set 'hibernate.transaction.jta.platform' to enable JTA platform integration)
2026-05-25T00:06:17.800+03:00  INFO 16636 --- [Blogapp_1] [restartedMain] j.LocalContainerEntityManagerFactoryBean : Initialized JPA EntityManagerFactory for persistence unit 'default'
2026-05-25T00:06:17.817+03:00  INFO 16636 --- [Blogapp_1] [restartedMain] c.e.blogapp_1.config.LoggingConfig       : Application started successfully
2026-05-25T00:06:18.020+03:00  WARN 16636 --- [Blogapp_1] [restartedMain] JpaBaseConfiguration$JpaWebConfiguration : spring.jpa.open-in-view is enabled by default. Therefore, database queries may be performed during view rendering. Explicitly configure spring.jpa.open-in-view to disable this warning
2026-05-25T00:06:18.070+03:00  INFO 16636 --- [Blogapp_1] [restartedMain] o.s.b.a.w.s.WelcomePageHandlerMapping    : Adding welcome page template: index
2026-05-25T00:06:18.261+03:00  INFO 16636 --- [Blogapp_1] [restartedMain] o.s.s.web.DefaultSecurityFilterChain     : Will secure any request with [org.springframework.security.web.session.DisableEncodeUrlFilter@255d60bd, org.springframework.security.web.context.request.async.WebAsyncManagerIntegrationFilter@2136e944, org.springframework.security.web.context.SecurityContextHolderFilter@6af84069, org.springframework.security.web.header.HeaderWriterFilter@2d392954, org.springframework.web.filter.CorsFilter@3f372df6, org.springframework.security.web.authentication.logout.LogoutFilter@2b14d8ff, org.springframework.security.web.authentication.UsernamePasswordAuthenticationFilter@28839672, org.springframework.security.web.savedrequest.RequestCacheAwareFilter@24df9db0, org.springframework.security.web.servletapi.SecurityContextHolderAwareRequestFilter@6750cdd1, org.springframework.security.web.authentication.AnonymousAuthenticationFilter@b331c64, org.springframework.security.web.access.ExceptionTranslationFilter@3f8f8862, org.springframework.security.web.access.intercept.AuthorizationFilter@122197db]
2026-05-25T00:06:18.539+03:00  INFO 16636 --- [Blogapp_1] [restartedMain] o.s.b.d.a.OptionalLiveReloadServer       : LiveReload server is running on port 35729
2026-05-25T00:06:18.560+03:00  INFO 16636 --- [Blogapp_1] [restartedMain] o.s.b.w.embedded.tomcat.TomcatWebServer  : Tomcat started on port 8080 (http) with context path ''
2026-05-25T00:06:18.564+03:00  INFO 16636 --- [Blogapp_1] [restartedMain] c.example.blogapp_1.BlogappApplication   : Started BlogappApplication in 1.767 seconds (process running for 86.58)
2026-05-25T00:06:18.565+03:00  INFO 16636 --- [Blogapp_1] [restartedMain] .ConditionEvaluationDeltaLoggingListener : Condition evaluation unchanged
2026-05-25T00:06:18.571+03:00  INFO 16636 --- [Blogapp_1] [SpringApplicationShutdownHook] j.LocalContainerEntityManagerFactoryBean : Closing JPA EntityManagerFactory for persistence unit 'default'
2026-05-25T00:06:18.572+03:00  INFO 16636 --- [Blogapp_1] [SpringApplicationShutdownHook] com.zaxxer.hikari.HikariDataSource       : HikariPool-3 - Shutdown initiated...
2026-05-25T00:06:18.799+03:00  INFO 16636 --- [Blogapp_1] [SpringApplicationShutdownHook] com.zaxxer.hikari.HikariDataSource       : HikariPool-3 - Shutdown completed.
2026-05-25T00:06:24.045+03:00  INFO 20428 --- [Blogapp_1] [restartedMain] c.example.blogapp_1.BlogappApplication   : Starting BlogappApplication using Java 21.0.11 with PID 20428 (C:\Users\userrr\Desktop\blogapp_1\target\classes started by userrr in C:\Users\userrr\Desktop\blogapp_1)
2026-05-25T00:06:24.047+03:00 DEBUG 20428 --- [Blogapp_1] [restartedMain] c.example.blogapp_1.BlogappApplication   : Running with Spring Boot v3.2.5, Spring v6.1.6
2026-05-25T00:06:24.048+03:00  INFO 20428 --- [Blogapp_1] [restartedMain] c.example.blogapp_1.BlogappApplication   : The following 1 profile is active: "dev"
2026-05-25T00:06:24.107+03:00  INFO 20428 --- [Blogapp_1] [restartedMain] .e.DevToolsPropertyDefaultsPostProcessor : Devtools property defaults active! Set 'spring.devtools.add-properties' to 'false' to disable
2026-05-25T00:06:24.107+03:00  INFO 20428 --- [Blogapp_1] [restartedMain] .e.DevToolsPropertyDefaultsPostProcessor : For additional web related logging consider setting the 'logging.level.web' property to 'DEBUG'
2026-05-25T00:06:25.016+03:00  INFO 20428 --- [Blogapp_1] [restartedMain] .s.d.r.c.RepositoryConfigurationDelegate : Bootstrapping Spring Data JPA repositories in DEFAULT mode.
2026-05-25T00:06:25.074+03:00  INFO 20428 --- [Blogapp_1] [restartedMain] .s.d.r.c.RepositoryConfigurationDelegate : Finished Spring Data repository scanning in 51 ms. Found 3 JPA repository interfaces.
2026-05-25T00:06:25.712+03:00  INFO 20428 --- [Blogapp_1] [restartedMain] o.s.b.w.embedded.tomcat.TomcatWebServer  : Tomcat initialized with port 8080 (http)
2026-05-25T00:06:25.724+03:00  INFO 20428 --- [Blogapp_1] [restartedMain] o.apache.catalina.core.StandardService   : Starting service [Tomcat]
2026-05-25T00:06:25.724+03:00  INFO 20428 --- [Blogapp_1] [restartedMain] o.apache.catalina.core.StandardEngine    : Starting Servlet engine: [Apache Tomcat/10.1.20]
2026-05-25T00:06:25.779+03:00  INFO 20428 --- [Blogapp_1] [restartedMain] o.a.c.c.C.[Tomcat].[localhost].[/]       : Initializing Spring embedded WebApplicationContext
2026-05-25T00:06:25.780+03:00  INFO 20428 --- [Blogapp_1] [restartedMain] w.s.c.ServletWebServerApplicationContext : Root WebApplicationContext: initialization completed in 1672 ms
2026-05-25T00:06:25.907+03:00  INFO 20428 --- [Blogapp_1] [restartedMain] com.zaxxer.hikari.HikariDataSource       : HikariPool-1 - Starting...
2026-05-25T00:06:26.095+03:00  INFO 20428 --- [Blogapp_1] [restartedMain] com.zaxxer.hikari.pool.HikariPool        : HikariPool-1 - Added connection org.postgresql.jdbc.PgConnection@3a4787b8
2026-05-25T00:06:26.098+03:00  INFO 20428 --- [Blogapp_1] [restartedMain] com.zaxxer.hikari.HikariDataSource       : HikariPool-1 - Start completed.
2026-05-25T00:06:26.183+03:00  INFO 20428 --- [Blogapp_1] [restartedMain] o.hibernate.jpa.internal.util.LogHelper  : HHH000204: Processing PersistenceUnitInfo [name: default]
2026-05-25T00:06:26.239+03:00  INFO 20428 --- [Blogapp_1] [restartedMain] org.hibernate.Version                    : HHH000412: Hibernate ORM core version 6.4.4.Final
2026-05-25T00:06:26.274+03:00  INFO 20428 --- [Blogapp_1] [restartedMain] o.h.c.internal.RegionFactoryInitiator    : HHH000026: Second-level cache disabled
2026-05-25T00:06:26.530+03:00  INFO 20428 --- [Blogapp_1] [restartedMain] o.s.o.j.p.SpringPersistenceUnitInfo      : No LoadTimeWeaver setup: ignoring JPA class transformer
2026-05-25T00:06:27.805+03:00  INFO 20428 --- [Blogapp_1] [restartedMain] o.h.e.t.j.p.i.JtaPlatformInitiator       : HHH000489: No JTA platform available (set 'hibernate.transaction.jta.platform' to enable JTA platform integration)
2026-05-25T00:06:27.898+03:00  INFO 20428 --- [Blogapp_1] [restartedMain] j.LocalContainerEntityManagerFactoryBean : Initialized JPA EntityManagerFactory for persistence unit 'default'
2026-05-25T00:06:27.911+03:00  INFO 20428 --- [Blogapp_1] [restartedMain] c.e.blogapp_1.config.LoggingConfig       : Application started successfully
2026-05-25T00:06:28.402+03:00  WARN 20428 --- [Blogapp_1] [restartedMain] JpaBaseConfiguration$JpaWebConfiguration : spring.jpa.open-in-view is enabled by default. Therefore, database queries may be performed during view rendering. Explicitly configure spring.jpa.open-in-view to disable this warning
2026-05-25T00:06:28.533+03:00  INFO 20428 --- [Blogapp_1] [restartedMain] o.s.b.a.w.s.WelcomePageHandlerMapping    : Adding welcome page template: index
2026-05-25T00:06:28.793+03:00  INFO 20428 --- [Blogapp_1] [restartedMain] o.s.s.web.DefaultSecurityFilterChain     : Will secure any request with [org.springframework.security.web.session.DisableEncodeUrlFilter@36c96cba, org.springframework.security.web.context.request.async.WebAsyncManagerIntegrationFilter@65b865e, org.springframework.security.web.context.SecurityContextHolderFilter@3d8b5a6d, org.springframework.security.web.header.HeaderWriterFilter@160ed116, org.springframework.web.filter.CorsFilter@48ae784a, org.springframework.security.web.authentication.logout.LogoutFilter@527432e3, org.springframework.security.web.authentication.UsernamePasswordAuthenticationFilter@5693151a, org.springframework.security.web.savedrequest.RequestCacheAwareFilter@4d800de, org.springframework.security.web.servletapi.SecurityContextHolderAwareRequestFilter@1c2459bf, org.springframework.security.web.authentication.AnonymousAuthenticationFilter@5e36396, org.springframework.security.web.access.ExceptionTranslationFilter@2bc72bf9, org.springframework.security.web.access.intercept.AuthorizationFilter@1e15c6e3]
2026-05-25T00:06:29.320+03:00  INFO 20428 --- [Blogapp_1] [restartedMain] o.s.b.d.a.OptionalLiveReloadServer       : LiveReload server is running on port 35729
2026-05-25T00:06:29.390+03:00  INFO 20428 --- [Blogapp_1] [restartedMain] o.s.b.w.embedded.tomcat.TomcatWebServer  : Tomcat started on port 8080 (http) with context path ''
2026-05-25T00:06:29.406+03:00  INFO 20428 --- [Blogapp_1] [restartedMain] c.example.blogapp_1.BlogappApplication   : Started BlogappApplication in 5.951 seconds (process running for 6.861)
2026-05-25T00:06:37.736+03:00  INFO 20428 --- [Blogapp_1] [http-nio-8080-exec-1] o.a.c.c.C.[Tomcat].[localhost].[/]       : Initializing Spring DispatcherServlet 'dispatcherServlet'
2026-05-25T00:06:37.736+03:00  INFO 20428 --- [Blogapp_1] [http-nio-8080-exec-1] o.s.web.servlet.DispatcherServlet        : Initializing Servlet 'dispatcherServlet'
2026-05-25T00:06:37.736+03:00  INFO 20428 --- [Blogapp_1] [http-nio-8080-exec-1] o.s.web.servlet.DispatcherServlet        : Completed initialization in 0 ms
2026-05-25T00:06:37.787+03:00  INFO 20428 --- [Blogapp_1] [http-nio-8080-exec-1] c.example.blogapp_1.service.PostService  : Fetching all posts
2026-05-25T00:06:39.489+03:00  WARN 20428 --- [Blogapp_1] [http-nio-8080-exec-3] .m.m.a.ExceptionHandlerExceptionResolver : Resolved [org.springframework.security.access.AccessDeniedException: Access Denied]
2026-05-25T00:06:46.122+03:00  INFO 20428 --- [Blogapp_1] [http-nio-8080-exec-5] c.example.blogapp_1.service.PostService  : Fetching all posts
2026-05-25T00:06:59.252+03:00  WARN 20428 --- [Blogapp_1] [http-nio-8080-exec-7] .m.m.a.ExceptionHandlerExceptionResolver : Resolved [org.springframework.security.access.AccessDeniedException: Access Denied]
2026-05-25T00:07:03.842+03:00  INFO 20428 --- [Blogapp_1] [http-nio-8080-exec-9] c.example.blogapp_1.service.PostService  : Fetching all posts
2026-05-25T00:08:36.138+03:00  INFO 20428 --- [Blogapp_1] [File Watcher] rtingClassPathChangeChangedEventListener : Restarting due to 1 class path change (0 additions, 1 deletion, 0 modifications)
2026-05-25T00:08:36.157+03:00  INFO 20428 --- [Blogapp_1] [Thread-5] j.LocalContainerEntityManagerFactoryBean : Closing JPA EntityManagerFactory for persistence unit 'default'
2026-05-25T00:08:36.162+03:00  INFO 20428 --- [Blogapp_1] [Thread-5] com.zaxxer.hikari.HikariDataSource       : HikariPool-1 - Shutdown initiated...
2026-05-25T00:08:36.184+03:00  INFO 20428 --- [Blogapp_1] [Thread-5] com.zaxxer.hikari.HikariDataSource       : HikariPool-1 - Shutdown completed.
2026-05-25T00:08:36.341+03:00  INFO 20428 --- [Blogapp_1] [restartedMain] c.example.blogapp_1.BlogappApplication   : Starting BlogappApplication using Java 21.0.11 with PID 20428 (C:\Users\userrr\Desktop\blogapp_1\target\classes started by userrr in C:\Users\userrr\Desktop\blogapp_1)
2026-05-25T00:08:36.341+03:00 DEBUG 20428 --- [Blogapp_1] [restartedMain] c.example.blogapp_1.BlogappApplication   : Running with Spring Boot v3.2.5, Spring v6.1.6
2026-05-25T00:08:36.341+03:00  INFO 20428 --- [Blogapp_1] [restartedMain] c.example.blogapp_1.BlogappApplication   : The following 1 profile is active: "dev"
2026-05-25T00:08:36.682+03:00  INFO 20428 --- [Blogapp_1] [restartedMain] .s.d.r.c.RepositoryConfigurationDelegate : Bootstrapping Spring Data JPA repositories in DEFAULT mode.
2026-05-25T00:08:36.704+03:00  INFO 20428 --- [Blogapp_1] [restartedMain] .s.d.r.c.RepositoryConfigurationDelegate : Finished Spring Data repository scanning in 21 ms. Found 3 JPA repository interfaces.
2026-05-25T00:08:37.007+03:00  INFO 20428 --- [Blogapp_1] [restartedMain] o.s.b.w.embedded.tomcat.TomcatWebServer  : Tomcat initialized with port 8080 (http)
2026-05-25T00:08:37.009+03:00  INFO 20428 --- [Blogapp_1] [restartedMain] o.apache.catalina.core.StandardService   : Starting service [Tomcat]
2026-05-25T00:08:37.009+03:00  INFO 20428 --- [Blogapp_1] [restartedMain] o.apache.catalina.core.StandardEngine    : Starting Servlet engine: [Apache Tomcat/10.1.20]
2026-05-25T00:08:37.043+03:00  INFO 20428 --- [Blogapp_1] [restartedMain] o.a.c.c.C.[Tomcat].[localhost].[/]       : Initializing Spring embedded WebApplicationContext
2026-05-25T00:08:37.043+03:00  INFO 20428 --- [Blogapp_1] [restartedMain] w.s.c.ServletWebServerApplicationContext : Root WebApplicationContext: initialization completed in 693 ms
2026-05-25T00:08:37.153+03:00  INFO 20428 --- [Blogapp_1] [restartedMain] com.zaxxer.hikari.HikariDataSource       : HikariPool-2 - Starting...
2026-05-25T00:08:37.251+03:00  INFO 20428 --- [Blogapp_1] [restartedMain] com.zaxxer.hikari.pool.HikariPool        : HikariPool-2 - Added connection org.postgresql.jdbc.PgConnection@5e335d99
2026-05-25T00:08:37.251+03:00  INFO 20428 --- [Blogapp_1] [restartedMain] com.zaxxer.hikari.HikariDataSource       : HikariPool-2 - Start completed.
2026-05-25T00:08:37.289+03:00  INFO 20428 --- [Blogapp_1] [restartedMain] o.hibernate.jpa.internal.util.LogHelper  : HHH000204: Processing PersistenceUnitInfo [name: default]
2026-05-25T00:08:37.293+03:00  INFO 20428 --- [Blogapp_1] [restartedMain] o.h.c.internal.RegionFactoryInitiator    : HHH000026: Second-level cache disabled
2026-05-25T00:08:37.299+03:00  INFO 20428 --- [Blogapp_1] [restartedMain] o.s.o.j.p.SpringPersistenceUnitInfo      : No LoadTimeWeaver setup: ignoring JPA class transformer
2026-05-25T00:08:37.466+03:00  INFO 20428 --- [Blogapp_1] [restartedMain] o.h.e.t.j.p.i.JtaPlatformInitiator       : HHH000489: No JTA platform available (set 'hibernate.transaction.jta.platform' to enable JTA platform integration)
2026-05-25T00:08:37.559+03:00  INFO 20428 --- [Blogapp_1] [restartedMain] j.LocalContainerEntityManagerFactoryBean : Initialized JPA EntityManagerFactory for persistence unit 'default'
2026-05-25T00:08:37.580+03:00  INFO 20428 --- [Blogapp_1] [restartedMain] c.e.blogapp_1.config.LoggingConfig       : Application started successfully
2026-05-25T00:08:37.845+03:00  WARN 20428 --- [Blogapp_1] [restartedMain] JpaBaseConfiguration$JpaWebConfiguration : spring.jpa.open-in-view is enabled by default. Therefore, database queries may be performed during view rendering. Explicitly configure spring.jpa.open-in-view to disable this warning
2026-05-25T00:08:37.912+03:00  INFO 20428 --- [Blogapp_1] [restartedMain] o.s.b.a.w.s.WelcomePageHandlerMapping    : Adding welcome page template: index
2026-05-25T00:08:38.151+03:00  INFO 20428 --- [Blogapp_1] [restartedMain] o.s.s.web.DefaultSecurityFilterChain     : Will secure any request with [org.springframework.security.web.session.DisableEncodeUrlFilter@5c5b161e, org.springframework.security.web.context.request.async.WebAsyncManagerIntegrationFilter@f2918f0, org.springframework.security.web.context.SecurityContextHolderFilter@67aba737, org.springframework.security.web.header.HeaderWriterFilter@9c914ec, org.springframework.web.filter.CorsFilter@2c8ccafa, org.springframework.security.web.authentication.logout.LogoutFilter@139b9540, org.springframework.security.web.authentication.UsernamePasswordAuthenticationFilter@10d12a0a, org.springframework.security.web.savedrequest.RequestCacheAwareFilter@108cbce1, org.springframework.security.web.servletapi.SecurityContextHolderAwareRequestFilter@681c0ad5, org.springframework.security.web.authentication.AnonymousAuthenticationFilter@3514341b, org.springframework.security.web.access.ExceptionTranslationFilter@cf14f9, org.springframework.security.web.access.intercept.AuthorizationFilter@5faf952a]
2026-05-25T00:08:38.466+03:00  INFO 20428 --- [Blogapp_1] [restartedMain] o.s.b.d.a.OptionalLiveReloadServer       : LiveReload server is running on port 35729
2026-05-25T00:08:38.494+03:00  INFO 20428 --- [Blogapp_1] [restartedMain] o.s.b.w.embedded.tomcat.TomcatWebServer  : Tomcat started on port 8080 (http) with context path ''
2026-05-25T00:08:38.501+03:00  INFO 20428 --- [Blogapp_1] [restartedMain] c.example.blogapp_1.BlogappApplication   : Started BlogappApplication in 2.214 seconds (process running for 135.958)
2026-05-25T00:08:38.505+03:00  INFO 20428 --- [Blogapp_1] [restartedMain] .ConditionEvaluationDeltaLoggingListener : Condition evaluation unchanged
2026-05-25T00:08:40.962+03:00  INFO 20428 --- [Blogapp_1] [File Watcher] rtingClassPathChangeChangedEventListener : Restarting due to 1 class path change (1 addition, 0 deletions, 0 modifications)
2026-05-25T00:08:40.971+03:00  INFO 20428 --- [Blogapp_1] [Thread-7] j.LocalContainerEntityManagerFactoryBean : Closing JPA EntityManagerFactory for persistence unit 'default'
2026-05-25T00:08:40.973+03:00  INFO 20428 --- [Blogapp_1] [Thread-7] com.zaxxer.hikari.HikariDataSource       : HikariPool-2 - Shutdown initiated...
2026-05-25T00:08:40.988+03:00  INFO 20428 --- [Blogapp_1] [Thread-7] com.zaxxer.hikari.HikariDataSource       : HikariPool-2 - Shutdown completed.
2026-05-25T00:08:41.142+03:00  INFO 20428 --- [Blogapp_1] [restartedMain] c.example.blogapp_1.BlogappApplication   : Starting BlogappApplication using Java 21.0.11 with PID 20428 (C:\Users\userrr\Desktop\blogapp_1\target\classes started by userrr in C:\Users\userrr\Desktop\blogapp_1)
2026-05-25T00:08:41.144+03:00 DEBUG 20428 --- [Blogapp_1] [restartedMain] c.example.blogapp_1.BlogappApplication   : Running with Spring Boot v3.2.5, Spring v6.1.6
2026-05-25T00:08:41.144+03:00  INFO 20428 --- [Blogapp_1] [restartedMain] c.example.blogapp_1.BlogappApplication   : The following 1 profile is active: "dev"
2026-05-25T00:08:41.457+03:00  INFO 20428 --- [Blogapp_1] [restartedMain] .s.d.r.c.RepositoryConfigurationDelegate : Bootstrapping Spring Data JPA repositories in DEFAULT mode.
2026-05-25T00:08:41.477+03:00  INFO 20428 --- [Blogapp_1] [restartedMain] .s.d.r.c.RepositoryConfigurationDelegate : Finished Spring Data repository scanning in 18 ms. Found 3 JPA repository interfaces.
2026-05-25T00:08:41.696+03:00  INFO 20428 --- [Blogapp_1] [restartedMain] o.s.b.w.embedded.tomcat.TomcatWebServer  : Tomcat initialized with port 8080 (http)
2026-05-25T00:08:41.698+03:00  INFO 20428 --- [Blogapp_1] [restartedMain] o.apache.catalina.core.StandardService   : Starting service [Tomcat]
2026-05-25T00:08:41.698+03:00  INFO 20428 --- [Blogapp_1] [restartedMain] o.apache.catalina.core.StandardEngine    : Starting Servlet engine: [Apache Tomcat/10.1.20]
2026-05-25T00:08:41.729+03:00  INFO 20428 --- [Blogapp_1] [restartedMain] o.a.c.c.C.[Tomcat].[localhost].[/]       : Initializing Spring embedded WebApplicationContext
2026-05-25T00:08:41.731+03:00  INFO 20428 --- [Blogapp_1] [restartedMain] w.s.c.ServletWebServerApplicationContext : Root WebApplicationContext: initialization completed in 583 ms
2026-05-25T00:08:41.812+03:00  INFO 20428 --- [Blogapp_1] [restartedMain] com.zaxxer.hikari.HikariDataSource       : HikariPool-3 - Starting...
2026-05-25T00:08:41.885+03:00  INFO 20428 --- [Blogapp_1] [restartedMain] com.zaxxer.hikari.pool.HikariPool        : HikariPool-3 - Added connection org.postgresql.jdbc.PgConnection@695b457c
2026-05-25T00:08:41.885+03:00  INFO 20428 --- [Blogapp_1] [restartedMain] com.zaxxer.hikari.HikariDataSource       : HikariPool-3 - Start completed.
2026-05-25T00:08:41.909+03:00  INFO 20428 --- [Blogapp_1] [restartedMain] o.hibernate.jpa.internal.util.LogHelper  : HHH000204: Processing PersistenceUnitInfo [name: default]
2026-05-25T00:08:41.913+03:00  INFO 20428 --- [Blogapp_1] [restartedMain] o.h.c.internal.RegionFactoryInitiator    : HHH000026: Second-level cache disabled
2026-05-25T00:08:41.919+03:00  INFO 20428 --- [Blogapp_1] [restartedMain] o.s.o.j.p.SpringPersistenceUnitInfo      : No LoadTimeWeaver setup: ignoring JPA class transformer
2026-05-25T00:08:42.055+03:00  INFO 20428 --- [Blogapp_1] [restartedMain] o.h.e.t.j.p.i.JtaPlatformInitiator       : HHH000489: No JTA platform available (set 'hibernate.transaction.jta.platform' to enable JTA platform integration)
2026-05-25T00:08:42.125+03:00  INFO 20428 --- [Blogapp_1] [restartedMain] j.LocalContainerEntityManagerFactoryBean : Initialized JPA EntityManagerFactory for persistence unit 'default'
2026-05-25T00:08:42.151+03:00  INFO 20428 --- [Blogapp_1] [restartedMain] c.e.blogapp_1.config.LoggingConfig       : Application started successfully
2026-05-25T00:08:42.402+03:00  WARN 20428 --- [Blogapp_1] [restartedMain] JpaBaseConfiguration$JpaWebConfiguration : spring.jpa.open-in-view is enabled by default. Therefore, database queries may be performed during view rendering. Explicitly configure spring.jpa.open-in-view to disable this warning
2026-05-25T00:08:42.461+03:00  INFO 20428 --- [Blogapp_1] [restartedMain] o.s.b.a.w.s.WelcomePageHandlerMapping    : Adding welcome page template: index
2026-05-25T00:08:42.649+03:00  INFO 20428 --- [Blogapp_1] [restartedMain] o.s.s.web.DefaultSecurityFilterChain     : Will secure any request with [org.springframework.security.web.session.DisableEncodeUrlFilter@2c64049e, org.springframework.security.web.context.request.async.WebAsyncManagerIntegrationFilter@149643d2, org.springframework.security.web.context.SecurityContextHolderFilter@70947e26, org.springframework.security.web.header.HeaderWriterFilter@30f444fa, org.springframework.web.filter.CorsFilter@5210a3c7, org.springframework.security.web.authentication.logout.LogoutFilter@295cee92, org.springframework.security.web.authentication.UsernamePasswordAuthenticationFilter@62825e22, org.springframework.security.web.savedrequest.RequestCacheAwareFilter@7be51c55, org.springframework.security.web.servletapi.SecurityContextHolderAwareRequestFilter@68ab80cc, org.springframework.security.web.authentication.AnonymousAuthenticationFilter@221394e9, org.springframework.security.web.access.ExceptionTranslationFilter@77ec962b, org.springframework.security.web.access.intercept.AuthorizationFilter@4e911a35]
2026-05-25T00:08:42.883+03:00  INFO 20428 --- [Blogapp_1] [restartedMain] o.s.b.d.a.OptionalLiveReloadServer       : LiveReload server is running on port 35729
2026-05-25T00:08:42.911+03:00  INFO 20428 --- [Blogapp_1] [restartedMain] o.s.b.w.embedded.tomcat.TomcatWebServer  : Tomcat started on port 8080 (http) with context path ''
2026-05-25T00:08:42.917+03:00  INFO 20428 --- [Blogapp_1] [restartedMain] c.example.blogapp_1.BlogappApplication   : Started BlogappApplication in 1.842 seconds (process running for 140.372)
2026-05-25T00:08:42.917+03:00  INFO 20428 --- [Blogapp_1] [restartedMain] .ConditionEvaluationDeltaLoggingListener : Condition evaluation unchanged
2026-05-25T00:09:47.845+03:00  INFO 20428 --- [Blogapp_1] [SpringApplicationShutdownHook] j.LocalContainerEntityManagerFactoryBean : Closing JPA EntityManagerFactory for persistence unit 'default'
2026-05-25T00:09:47.846+03:00  INFO 20428 --- [Blogapp_1] [SpringApplicationShutdownHook] com.zaxxer.hikari.HikariDataSource       : HikariPool-3 - Shutdown initiated...
2026-05-25T00:09:47.857+03:00  INFO 20428 --- [Blogapp_1] [SpringApplicationShutdownHook] com.zaxxer.hikari.HikariDataSource       : HikariPool-3 - Shutdown completed.
